<?xml version="1.0" encoding="UTF-8"?>
<testsuite xmlns:xsi="http://www.w3.org/2001/XMLSchema-instance" xsi:noNamespaceSchemaLocation="https://maven.apache.org/surefire/maven-surefire-plugin/xsd/surefire-test-report.xsd" version="3.0.2" name="com.aromatripnippon.controller.ManagementFlowIntegrationTest" time="13.667" tests="12" errors="0" skipped="0" failures="0" flakes="0">
  <properties>
[...]
</properties>
  <testcase name="xssPayload_isEscapedOnRender" classname="com.aromatripnippon.controller.ManagementFlowIntegrationTest" time="1.674">
    <system-out><![CDATA[
  .   ____          _            __ _ _
 /\\ / ___'_ __ _ _(_)_ __  __ _ \ \ \ \
( ( )\___ | '_ | '_| | '_ \/ _` | \ \ \ \
 \\/  ___)| |_)| | | | | || (_| |  ) ) ) )
  '  |____| .__|_| |_|_| |_\__, | / / / /
 =========|_|==============|___/=/_/_/_/

 :: Spring Boot ::               (v3.5.13)

2026-05-27T16:14:31.681+09:00  INFO 4448 --- [           main] c.a.c.ManagementFlowIntegrationTest      : Starting ManagementFlowIntegrationTest using Java 17.0.18 with PID 4448 (started by academia in C:\academia\src\soweb-01\AromaTripNippon\main)
2026-05-27T16:14:31.684+09:00  INFO 4448 --- [           main] c.a.c.ManagementFlowIntegrationTest      : The following 1 profile is active: "test"
2026-05-27T16:14:31.685+09:00 DEBUG 4448 --- [           main] o.s.boot.SpringApplication               : Loading source class com.aromatripnippon.AromaTripNipponApplication
2026-05-27T16:14:31.711+09:00 DEBUG 4448 --- [           main] o.s.w.c.s.GenericWebApplicationContext   : Refreshing org.springframework.web.context.support.GenericWebApplicationContext@4a325eb9
2026-05-27T16:14:33.005+09:00  INFO 4448 --- [           main] .s.d.r.c.RepositoryConfigurationDelegate : Bootstrapping Spring Data JPA repositories in DEFAULT mode.
2026-05-27T16:14:33.036+09:00 DEBUG 4448 --- [           main] o.s.b.a.AutoConfigurationPackages        : @EnableAutoConfiguration was declared on a class in the package 'com.aromatripnippon'. Automatic @Repository and @Entity scanning is enabled.
2026-05-27T16:14:33.130+09:00  INFO 4448 --- [           main] .s.d.r.c.RepositoryConfigurationDelegate : Finished Spring Data repository scanning in 101 ms. Found 11 JPA repository interfaces.
2026-05-27T16:14:34.240+09:00  INFO 4448 --- [           main] o.hibernate.jpa.internal.util.LogHelper  : HHH000204: Processing PersistenceUnitInfo [name: default]
2026-05-27T16:14:34.384+09:00  INFO 4448 --- [           main] org.hibernate.Version                    : HHH000412: Hibernate ORM core version 6.6.45.Final
2026-05-27T16:14:34.449+09:00  INFO 4448 --- [           main] o.h.c.internal.RegionFactoryInitiator    : HHH000026: Second-level cache disabled
2026-05-27T16:14:34.977+09:00  INFO 4448 --- [           main] o.s.o.j.p.SpringPersistenceUnitInfo      : No LoadTimeWeaver setup: ignoring JPA class transformer
2026-05-27T16:14:35.036+09:00  INFO 4448 --- [           main] com.zaxxer.hikari.HikariDataSource       : HikariPool-1 - Starting...
2026-05-27T16:14:35.328+09:00  INFO 4448 --- [           main] com.zaxxer.hikari.pool.HikariPool        : HikariPool-1 - Added connection conn0: url=jdbc:h2:mem:aromatrip_test user=SA
2026-05-27T16:14:35.328+09:00  INFO 4448 --- [           main] com.zaxxer.hikari.HikariDataSource       : HikariPool-1 - Start completed.
2026-05-27T16:14:35.452+09:00  INFO 4448 --- [           main] org.hibernate.orm.connections.pooling    : HHH10001005: Database info:
	Database JDBC URL [Connecting through datasource 'HikariDataSource (HikariPool-1)']
	Database driver: undefined/unknown
	Database version: 2.3.232
	Autocommit mode: undefined/unknown
	Isolation level: undefined/unknown
	Minimum pool size: undefined/unknown
	Maximum pool size: undefined/unknown
2026-05-27T16:14:36.944+09:00  INFO 4448 --- [           main] o.h.e.t.j.p.i.JtaPlatformInitiator       : HHH000489: No JTA platform available (set 'hibernate.transaction.jta.platform' to enable JTA platform integration)
2026-05-27T16:14:36.980+09:00 DEBUG 4448 --- [           main] org.hibernate.SQL                        : drop table if exists admin_users cascade 
2026-05-27T16:14:36.985+09:00 DEBUG 4448 --- [           main] org.hibernate.SQL                        : drop table if exists audit_logs cascade 
2026-05-27T16:14:36.985+09:00 DEBUG 4448 --- [           main] org.hibernate.SQL                        : drop table if exists customers cascade 
2026-05-27T16:14:36.985+09:00 DEBUG 4448 --- [           main] org.hibernate.SQL                        : drop table if exists experience_programs cascade 
2026-05-27T16:14:36.985+09:00 DEBUG 4448 --- [           main] org.hibernate.SQL                        : drop table if exists fragrance_recipe_materials cascade 
2026-05-27T16:14:36.985+09:00 DEBUG 4448 --- [           main] org.hibernate.SQL                        : drop table if exists fragrance_recipes cascade 
2026-05-27T16:14:36.985+09:00 DEBUG 4448 --- [           main] org.hibernate.SQL                        : drop table if exists inventory_items cascade 
2026-05-27T16:14:36.986+09:00 DEBUG 4448 --- [           main] org.hibernate.SQL                        : drop table if exists inventory_transactions cascade 
2026-05-27T16:14:36.986+09:00 DEBUG 4448 --- [           main] org.hibernate.SQL                        : drop table if exists product_categories cascade 
2026-05-27T16:14:36.986+09:00 DEBUG 4448 --- [           main] org.hibernate.SQL                        : drop table if exists products cascade 
2026-05-27T16:14:36.986+09:00 DEBUG 4448 --- [           main] org.hibernate.SQL                        : drop table if exists reservations cascade 
2026-05-27T16:14:36.995+09:00 DEBUG 4448 --- [           main] org.hibernate.SQL                        : create table admin_users (is_active boolean, created_at timestamp(6) not null, deleted_at timestamp(6), id bigint generated by default as identity, updated_at timestamp(6) not null, display_language varchar(255), email varchar(255), login_id varchar(255) not null unique, name varchar(255) not null, notification_setting varchar(255), password_hash varchar(255) not null, role varchar(255) not null, primary key (id))
2026-05-27T16:14:37.008+09:00 DEBUG 4448 --- [           main] org.hibernate.SQL                        : create table audit_logs (admin_user_id bigint, created_at timestamp(6) not null, deleted_at timestamp(6), id bigint generated by default as identity, target_id bigint, updated_at timestamp(6) not null, description varchar(1000), action_type varchar(255), target_table varchar(255), primary key (id))
2026-05-27T16:14:37.010+09:00 DEBUG 4448 --- [           main] org.hibernate.SQL                        : create table customers (created_at timestamp(6) not null, deleted_at timestamp(6), id bigint generated by default as identity, updated_at timestamp(6) not null, note varchar(1000), email varchar(255) not null, name varchar(255) not null, nationality varchar(255), phone varchar(255), preferred_language varchar(255), purpose varchar(255), primary key (id))
2026-05-27T16:14:37.010+09:00 DEBUG 4448 --- [           main] org.hibernate.SQL                        : create table experience_programs (duration_minutes integer not null, is_active boolean, price numeric(38,2) not null, created_at timestamp(6) not null, deleted_at timestamp(6), id bigint generated by default as identity, updated_at timestamp(6) not null, description varchar(1000), material_summary varchar(1000), name varchar(255) not null, primary key (id))
2026-05-27T16:14:37.012+09:00 DEBUG 4448 --- [           main] org.hibernate.SQL                        : create table fragrance_recipe_materials (amount numeric(38,2) not null, blend_ratio numeric(38,2) not null, display_order integer, created_at timestamp(6) not null, deleted_at timestamp(6), fragrance_recipe_id bigint not null, id bigint generated by default as identity, inventory_item_id bigint not null, updated_at timestamp(6) not null, material_name_snapshot varchar(255), primary key (id))
2026-05-27T16:14:37.013+09:00 DEBUG 4448 --- [           main] org.hibernate.SQL                        : create table fragrance_recipes (total_amount numeric(38,2), created_at timestamp(6) not null, customer_id bigint not null, deleted_at timestamp(6), id bigint generated by default as identity, updated_at timestamp(6) not null, concept_note varchar(1000), memo varchar(1000), recipe_name varchar(255) not null, primary key (id))
2026-05-27T16:14:37.015+09:00 DEBUG 4448 --- [           main] org.hibernate.SQL                        : create table inventory_items (last_stocked_date date, stock_quantity numeric(38,2) not null, threshold_quantity numeric(38,2), created_at timestamp(6) not null, deleted_at timestamp(6), id bigint generated by default as identity, updated_at timestamp(6) not null, memo varchar(1000), category varchar(255) not null, english_name varchar(255), item_name varchar(255) not null, storage_location varchar(255), supplier varchar(255), unit varchar(255) not null, primary key (id))
2026-05-27T16:14:37.015+09:00 DEBUG 4448 --- [           main] org.hibernate.SQL                        : create table inventory_transactions (quantity numeric(38,2) not null, transaction_date date, created_at timestamp(6) not null, created_by bigint, deleted_at timestamp(6), id bigint generated by default as identity, inventory_item_id bigint not null, updated_at timestamp(6) not null, reason varchar(1000), transaction_type varchar(255) not null, primary key (id))
2026-05-27T16:14:37.017+09:00 DEBUG 4448 --- [           main] org.hibernate.SQL                        : create table product_categories (display_order integer not null, is_active boolean, created_at timestamp(6) not null, deleted_at timestamp(6), id bigint generated by default as identity, updated_at timestamp(6) not null, category_name varchar(255) not null unique, primary key (id))
2026-05-27T16:14:37.019+09:00 DEBUG 4448 --- [           main] org.hibernate.SQL                        : create table products (is_active boolean, price numeric(38,2) not null, category_id bigint not null, created_at timestamp(6) not null, deleted_at timestamp(6), id bigint generated by default as identity, updated_at timestamp(6) not null, description varchar(1000), english_name varchar(255), product_name varchar(255) not null, primary key (id))
2026-05-27T16:14:37.019+09:00 DEBUG 4448 --- [           main] org.hibernate.SQL                        : create table reservations (number_of_people integer not null check ((number_of_people<=4) and (number_of_people>=1)), reservation_date date not null, created_at timestamp(6) not null, customer_id bigint not null, deleted_at timestamp(6), experience_program_id bigint not null, id bigint generated by default as identity, updated_at timestamp(6) not null, request_note varchar(1000), preferred_language varchar(255), reservation_time varchar(255) not null, status varchar(255) not null, primary key (id))
2026-05-27T16:14:37.021+09:00 DEBUG 4448 --- [           main] org.hibernate.SQL                        : alter table if exists audit_logs add constraint FKwvdgvoiqcq4yu52k5wnybxbd foreign key (admin_user_id) references admin_users
2026-05-27T16:14:37.037+09:00 DEBUG 4448 --- [           main] org.hibernate.SQL                        : alter table if exists fragrance_recipe_materials add constraint FKojtptiarqkufc2mb34cp6x7gl foreign key (fragrance_recipe_id) references fragrance_recipes
2026-05-27T16:14:37.039+09:00 DEBUG 4448 --- [           main] org.hibernate.SQL                        : alter table if exists fragrance_recipe_materials add constraint FKcn2sqvnb75m4jh5nj6v374r0l foreign key (inventory_item_id) references inventory_items
2026-05-27T16:14:37.039+09:00 DEBUG 4448 --- [           main] org.hibernate.SQL                        : alter table if exists fragrance_recipes add constraint FKo5cw4t7kurleteb6h4cjm2jbb foreign key (customer_id) references customers
2026-05-27T16:14:37.041+09:00 DEBUG 4448 --- [           main] org.hibernate.SQL                        : alter table if exists inventory_transactions add constraint FKqlbgt0dbbsxhdkf6k8jwqhkup foreign key (created_by) references admin_users
2026-05-27T16:14:37.041+09:00 DEBUG 4448 --- [           main] org.hibernate.SQL                        : alter table if exists inventory_transactions add constraint FK540uvcs6ertd1k2pkpg2abvcs foreign key (inventory_item_id) references inventory_items
2026-05-27T16:14:37.041+09:00 DEBUG 4448 --- [           main] org.hibernate.SQL                        : alter table if exists products add constraint FK6t5dtw6tyo83ywljwohuc6g7k foreign key (category_id) references product_categories
2026-05-27T16:14:37.047+09:00 DEBUG 4448 --- [           main] org.hibernate.SQL                        : alter table if exists reservations add constraint FK8eccffekcj27jkdiyw2e9r8ks foreign key (customer_id) references customers
2026-05-27T16:14:37.049+09:00 DEBUG 4448 --- [           main] org.hibernate.SQL                        : alter table if exists reservations add constraint FKb4o7vv9k9cyn37hh609nsyxds foreign key (experience_program_id) references experience_programs
2026-05-27T16:14:37.053+09:00  INFO 4448 --- [           main] j.LocalContainerEntityManagerFactoryBean : Initialized JPA EntityManagerFactory for persistence unit 'default'
2026-05-27T16:14:37.754+09:00  INFO 4448 --- [           main] o.s.d.j.r.query.QueryEnhancerFactory     : Hibernate is in classpath; If applicable, HQL parser will be used.
2026-05-27T16:14:38.902+09:00  INFO 4448 --- [           main] r$InitializeUserDetailsManagerConfigurer : Global AuthenticationManager configured with UserDetailsService bean with name userDetailsService
2026-05-27T16:14:39.189+09:00 DEBUG 4448 --- [           main] s.w.s.m.m.a.RequestMappingHandlerMapping : 54 mappings in 'requestMappingHandlerMapping'
2026-05-27T16:14:39.374+09:00 DEBUG 4448 --- [           main] o.s.w.s.handler.SimpleUrlHandlerMapping  : Patterns [/webjars/**, /**] in 'resourceHandlerMapping'
2026-05-27T16:14:39.691+09:00 DEBUG 4448 --- [           main] s.w.s.m.m.a.RequestMappingHandlerAdapter : ControllerAdvice beans: 0 @ModelAttribute, 0 @InitBinder, 1 RequestBodyAdvice, 1 ResponseBodyAdvice
2026-05-27T16:14:39.839+09:00 DEBUG 4448 --- [           main] .m.m.a.ExceptionHandlerExceptionResolver : ControllerAdvice beans: 1 @ExceptionHandler, 1 ResponseBodyAdvice
2026-05-27T16:14:40.051+09:00 DEBUG 4448 --- [           main] o.s.b.w.s.ServletContextInitializerBeans : Mapping filters: springSecurityFilterChain urls=[/*] order=-100, characterEncodingFilter urls=[/*] order=-2147483648, formContentFilter urls=[/*] order=-9900, requestContextFilter urls=[/*] order=-105, forwardedHeaderFilter urls=[/*] order=2147483647
2026-05-27T16:14:40.051+09:00 DEBUG 4448 --- [           main] o.s.b.w.s.ServletContextInitializerBeans : Mapping servlets: 
2026-05-27T16:14:40.119+09:00 DEBUG 4448 --- [           main] s.b.w.s.f.OrderedCharacterEncodingFilter : Filter 'characterEncodingFilter' configured for use
2026-05-27T16:14:40.121+09:00 DEBUG 4448 --- [           main] o.s.b.w.s.f.OrderedFormContentFilter     : Filter 'formContentFilter' configured for use
2026-05-27T16:14:40.121+09:00 DEBUG 4448 --- [           main] o.s.b.w.s.f.OrderedRequestContextFilter  : Filter 'requestContextFilter' configured for use
2026-05-27T16:14:40.121+09:00 DEBUG 4448 --- [           main] .DelegatingFilterProxyRegistrationBean$1 : Filter 'springSecurityFilterChain' configured for use
2026-05-27T16:14:40.121+09:00 DEBUG 4448 --- [           main] o.s.web.filter.ForwardedHeaderFilter     : Filter 'forwardedHeaderFilter' configured for use
2026-05-27T16:14:40.123+09:00  INFO 4448 --- [           main] o.s.b.t.m.w.SpringBootMockServletContext : Initializing Spring TestDispatcherServlet ''
2026-05-27T16:14:40.123+09:00  INFO 4448 --- [           main] o.s.t.web.servlet.TestDispatcherServlet  : Initializing Servlet ''
2026-05-27T16:14:40.126+09:00  INFO 4448 --- [           main] o.s.t.web.servlet.TestDispatcherServlet  : Completed initialization in 2 ms
2026-05-27T16:14:40.204+09:00 DEBUG 4448 --- [           main] .s.b.a.l.ConditionEvaluationReportLogger : 


============================
CONDITIONS EVALUATION REPORT
============================


Positive matches:
-----------------

   AopAutoConfiguration matched:
      - @ConditionalOnBooleanProperty (spring.aop.auto=true) matched (OnPropertyCondition)

   AopAutoConfiguration.AspectJAutoProxyingConfiguration matched:
      - @ConditionalOnClass found required class 'org.aspectj.weaver.Advice' (OnClassCondition)

   AopAutoConfiguration.AspectJAutoProxyingConfiguration.CglibAutoProxyConfiguration matched:
      - @ConditionalOnBooleanProperty (spring.aop.proxy-target-class=true) matched (OnPropertyCondition)

   ApplicationAvailabilityAutoConfiguration#applicationAvailability matched:
      - @ConditionalOnMissingBean (types: org.springframework.boot.availability.ApplicationAvailability; SearchStrategy: all) did not find any beans (OnBeanCondition)

   DataInitializer matched:
      - @ConditionalOnProperty (app.data-initializer.enabled=true) matched (OnPropertyCondition)

   DataSourceAutoConfiguration matched:
      - @ConditionalOnClass found required classes 'javax.sql.DataSource', 'org.springframework.jdbc.datasource.embedded.EmbeddedDatabaseType' (OnClassCondition)
      - @ConditionalOnMissingBean (types: io.r2dbc.spi.ConnectionFactory; SearchStrategy: all) did not find any beans (OnBeanCondition)

   DataSourceAutoConfiguration.PooledDataSourceConfiguration matched:
      - AnyNestedCondition 1 matched 1 did not; NestedCondition on DataSourceAutoConfiguration.PooledDataSourceCondition.PooledDataSourceAvailable PooledDataSource found supported DataSource; NestedCondition on DataSourceAutoConfiguration.PooledDataSourceCondition.ExplicitType @ConditionalOnProperty (spring.datasource.type) did not find property 'spring.datasource.type' (DataSourceAutoConfiguration.PooledDataSourceCondition)
      - @ConditionalOnMissingBean (types: javax.sql.DataSource,javax.sql.XADataSource; SearchStrategy: all) did not find any beans (OnBeanCondition)

   DataSourceAutoConfiguration.PooledDataSourceConfiguration#jdbcConnectionDetails matched:
      - @ConditionalOnMissingBean (types: org.springframework.boot.autoconfigure.jdbc.JdbcConnectionDetails; SearchStrategy: all) did not find any beans (OnBeanCondition)

   DataSourceConfiguration.Hikari matched:
      - @ConditionalOnClass found required class 'com.zaxxer.hikari.HikariDataSource' (OnClassCondition)
      - @ConditionalOnProperty (spring.datasource.type=com.zaxxer.hikari.HikariDataSource) matched (OnPropertyCondition)
      - @ConditionalOnMissingBean (types: javax.sql.DataSource; SearchStrategy: all) did not find any beans (OnBeanCondition)

   DataSourcePoolMetadataProvidersConfiguration.HikariPoolDataSourceMetadataProviderConfiguration matched:
      - @ConditionalOnClass found required class 'com.zaxxer.hikari.HikariDataSource' (OnClassCondition)

   DataSourceTransactionManagerAutoConfiguration matched:
      - @ConditionalOnClass found required classes 'javax.sql.DataSource', 'org.springframework.jdbc.core.JdbcTemplate', 'org.springframework.transaction.TransactionManager' (OnClassCondition)

   DataSourceTransactionManagerAutoConfiguration.JdbcTransactionManagerConfiguration matched:
      - @ConditionalOnSingleCandidate (types: javax.sql.DataSource; SearchStrategy: all) found a single bean 'dataSource' (OnBeanCondition)

   DispatcherServletAutoConfiguration matched:
      - @ConditionalOnClass found required class 'org.springframework.web.servlet.DispatcherServlet' (OnClassCondition)
      - found 'session' scope (OnWebApplicationCondition)

   DispatcherServletAutoConfiguration.DispatcherServletConfiguration matched:
      - @ConditionalOnClass found required class 'jakarta.servlet.ServletRegistration' (OnClassCondition)
      - Default DispatcherServlet did not find dispatcher servlet beans (DispatcherServletAutoConfiguration.DefaultDispatcherServletCondition)

   DispatcherServletAutoConfiguration.DispatcherServletRegistrationConfiguration matched:
      - @ConditionalOnClass found required class 'jakarta.servlet.ServletRegistration' (OnClassCondition)
      - DispatcherServlet Registration did not find servlet registration bean (DispatcherServletAutoConfiguration.DispatcherServletRegistrationCondition)

   DispatcherServletAutoConfiguration.DispatcherServletRegistrationConfiguration#dispatcherServletRegistration matched:
      - @ConditionalOnBean (names: dispatcherServlet types: org.springframework.web.servlet.DispatcherServlet; SearchStrategy: all) found bean 'dispatcherServlet' (OnBeanCondition)

   ErrorMvcAutoConfiguration matched:
      - @ConditionalOnClass found required classes 'jakarta.servlet.Servlet', 'org.springframework.web.servlet.DispatcherServlet' (OnClassCondition)
      - found 'session' scope (OnWebApplicationCondition)

   ErrorMvcAutoConfiguration#basicErrorController matched:
      - @ConditionalOnMissingBean (types: org.springframework.boot.web.servlet.error.ErrorController; SearchStrategy: current) did not find any beans (OnBeanCondition)

   ErrorMvcAutoConfiguration#errorAttributes matched:
      - @ConditionalOnMissingBean (types: org.springframework.boot.web.servlet.error.ErrorAttributes; SearchStrategy: current) did not find any beans (OnBeanCondition)

   ErrorMvcAutoConfiguration.DefaultErrorViewResolverConfiguration#conventionErrorViewResolver matched:
      - @ConditionalOnBean (types: org.springframework.web.servlet.DispatcherServlet; SearchStrategy: all) found bean 'dispatcherServlet'; @ConditionalOnMissingBean (types: org.springframework.boot.autoconfigure.web.servlet.error.ErrorViewResolver; SearchStrategy: all) did not find any beans (OnBeanCondition)

   ErrorMvcAutoConfiguration.WhitelabelErrorViewConfiguration matched:
      - @ConditionalOnBooleanProperty (server.error.whitelabel.enabled=true) matched (OnPropertyCondition)
      - ErrorTemplate Missing did not find error template view (ErrorMvcAutoConfiguration.ErrorTemplateMissingCondition)

   ErrorMvcAutoConfiguration.WhitelabelErrorViewConfiguration#beanNameViewResolver matched:
      - @ConditionalOnMissingBean (types: org.springframework.web.servlet.view.BeanNameViewResolver; SearchStrategy: all) did not find any beans (OnBeanCondition)

   ErrorMvcAutoConfiguration.WhitelabelErrorViewConfiguration#defaultErrorView matched:
      - @ConditionalOnMissingBean (names: error; SearchStrategy: all) did not find any beans (OnBeanCondition)

   GenericCacheConfiguration matched:
      - Cache org.springframework.boot.autoconfigure.cache.GenericCacheConfiguration automatic cache type (CacheCondition)

   HibernateJpaAutoConfiguration matched:
      - @ConditionalOnClass found required classes 'org.springframework.orm.jpa.LocalContainerEntityManagerFactoryBean', 'jakarta.persistence.EntityManager', 'org.hibernate.engine.spi.SessionImplementor' (OnClassCondition)

   HibernateJpaConfiguration matched:
      - @ConditionalOnSingleCandidate (types: javax.sql.DataSource; SearchStrategy: all) found a single bean 'dataSource' (OnBeanCondition)

   HttpClientAutoConfiguration matched:
      - @ConditionalOnClass found required class 'org.springframework.http.client.ClientHttpRequestFactory' (OnClassCondition)
      - NoneNestedConditions 0 matched 1 did not; NestedCondition on NotReactiveWebApplicationCondition.ReactiveWebApplication did not find reactive web application classes (NotReactiveWebApplicationCondition)

   HttpClientAutoConfiguration#clientHttpRequestFactoryBuilder matched:
      - @ConditionalOnMissingBean (types: org.springframework.boot.http.client.ClientHttpRequestFactoryBuilder<?>; SearchStrategy: all) did not find any beans (OnBeanCondition)

   HttpClientAutoConfiguration#clientHttpRequestFactorySettings matched:
      - @ConditionalOnMissingBean (types: org.springframework.boot.http.client.ClientHttpRequestFactorySettings; SearchStrategy: all) did not find any beans (OnBeanCondition)

   HttpEncodingAutoConfiguration matched:
      - @ConditionalOnClass found required class 'org.springframework.web.filter.CharacterEncodingFilter' (OnClassCondition)
      - found 'session' scope (OnWebApplicationCondition)
      - @ConditionalOnBooleanProperty (server.servlet.encoding.enabled=true) matched (OnPropertyCondition)

   HttpEncodingAutoConfiguration#characterEncodingFilter matched:
      - @ConditionalOnMissingBean (types: org.springframework.web.filter.CharacterEncodingFilter; SearchStrategy: all) did not find any beans (OnBeanCondition)

   HttpMessageConvertersAutoConfiguration matched:
      - @ConditionalOnClass found required class 'org.springframework.http.converter.HttpMessageConverter' (OnClassCondition)
      - NoneNestedConditions 0 matched 1 did not; NestedCondition on HttpMessageConvertersAutoConfiguration.NotReactiveWebApplicationCondition.ReactiveWebApplication did not find reactive web application classes (HttpMessageConvertersAutoConfiguration.NotReactiveWebApplicationCondition)

   HttpMessageConvertersAutoConfiguration#messageConverters matched:
      - @ConditionalOnMissingBean (types: org.springframework.boot.autoconfigure.http.HttpMessageConverters; SearchStrategy: all) did not find any beans (OnBeanCondition)

   HttpMessageConvertersAutoConfiguration.StringHttpMessageConverterConfiguration matched:
      - @ConditionalOnClass found required class 'org.springframework.http.converter.StringHttpMessageConverter' (OnClassCondition)

   HttpMessageConvertersAutoConfiguration.StringHttpMessageConverterConfiguration#stringHttpMessageConverter matched:
      - @ConditionalOnMissingBean (types: org.springframework.http.converter.StringHttpMessageConverter; SearchStrategy: all) did not find any beans (OnBeanCondition)

   JacksonAutoConfiguration matched:
      - @ConditionalOnClass found required class 'com.fasterxml.jackson.databind.ObjectMapper' (OnClassCondition)

   JacksonAutoConfiguration.Jackson2ObjectMapperBuilderCustomizerConfiguration matched:
      - @ConditionalOnClass found required class 'org.springframework.http.converter.json.Jackson2ObjectMapperBuilder' (OnClassCondition)

   JacksonAutoConfiguration.JacksonObjectMapperBuilderConfiguration matched:
      - @ConditionalOnClass found required class 'org.springframework.http.converter.json.Jackson2ObjectMapperBuilder' (OnClassCondition)

   JacksonAutoConfiguration.JacksonObjectMapperBuilderConfiguration#jacksonObjectMapperBuilder matched:
      - @ConditionalOnMissingBean (types: org.springframework.http.converter.json.Jackson2ObjectMapperBuilder; SearchStrategy: all) did not find any beans (OnBeanCondition)

   JacksonAutoConfiguration.JacksonObjectMapperConfiguration matched:
      - @ConditionalOnClass found required class 'org.springframework.http.converter.json.Jackson2ObjectMapperBuilder' (OnClassCondition)

   JacksonAutoConfiguration.JacksonObjectMapperConfiguration#jacksonObjectMapper matched:
      - @ConditionalOnMissingBean (types: com.fasterxml.jackson.databind.ObjectMapper; SearchStrategy: all) did not find any beans (OnBeanCondition)

   JacksonAutoConfiguration.ParameterNamesModuleConfiguration matched:
      - @ConditionalOnClass found required class 'com.fasterxml.jackson.module.paramnames.ParameterNamesModule' (OnClassCondition)

   JacksonAutoConfiguration.ParameterNamesModuleConfiguration#parameterNamesModule matched:
      - @ConditionalOnMissingBean (types: com.fasterxml.jackson.module.paramnames.ParameterNamesModule; SearchStrategy: all) did not find any beans (OnBeanCondition)

   JacksonHttpMessageConvertersConfiguration.MappingJackson2HttpMessageConverterConfiguration matched:
      - @ConditionalOnClass found required class 'com.fasterxml.jackson.databind.ObjectMapper' (OnClassCondition)
      - @ConditionalOnPreferredJsonMapper JACKSON no property was configured and Jackson is the default (OnPreferredJsonMapperCondition)
      - @ConditionalOnBean (types: com.fasterxml.jackson.databind.ObjectMapper; SearchStrategy: all) found bean 'jacksonObjectMapper' (OnBeanCondition)

   JacksonHttpMessageConvertersConfiguration.MappingJackson2HttpMessageConverterConfiguration#mappingJackson2HttpMessageConverter matched:
      - @ConditionalOnMissingBean (types: org.springframework.http.converter.json.MappingJackson2HttpMessageConverter ignored: org.springframework.hateoas.server.mvc.TypeConstrainedMappingJackson2HttpMessageConverter,org.springframework.data.rest.webmvc.alps.AlpsJsonHttpMessageConverter; SearchStrategy: all) did not find any beans (OnBeanCondition)

   JdbcClientAutoConfiguration matched:
      - @ConditionalOnSingleCandidate (types: org.springframework.jdbc.core.namedparam.NamedParameterJdbcTemplate; SearchStrategy: all) found a single bean 'namedParameterJdbcTemplate'; @ConditionalOnMissingBean (types: org.springframework.jdbc.core.simple.JdbcClient; SearchStrategy: all) did not find any beans (OnBeanCondition)

   JdbcTemplateAutoConfiguration matched:
      - @ConditionalOnClass found required classes 'javax.sql.DataSource', 'org.springframework.jdbc.core.JdbcTemplate' (OnClassCondition)
      - @ConditionalOnSingleCandidate (types: javax.sql.DataSource; SearchStrategy: all) found a single bean 'dataSource' (OnBeanCondition)

   JdbcTemplateConfiguration matched:
      - @ConditionalOnMissingBean (types: org.springframework.jdbc.core.JdbcOperations; SearchStrategy: all) did not find any beans (OnBeanCondition)

   JpaBaseConfiguration#entityManagerFactory matched:
      - @ConditionalOnMissingBean (types: org.springframework.orm.jpa.LocalContainerEntityManagerFactoryBean,jakarta.persistence.EntityManagerFactory; SearchStrategy: all) did not find any beans (OnBeanCondition)

   JpaBaseConfiguration#entityManagerFactoryBuilder matched:
      - @ConditionalOnMissingBean (types: org.springframework.boot.orm.jpa.EntityManagerFactoryBuilder; SearchStrategy: all) did not find any beans (OnBeanCondition)

   JpaBaseConfiguration#jpaVendorAdapter matched:
      - @ConditionalOnMissingBean (types: org.springframework.orm.jpa.JpaVendorAdapter; SearchStrategy: all) did not find any beans (OnBeanCondition)

   JpaBaseConfiguration#transactionManager matched:
      - @ConditionalOnMissingBean (types: org.springframework.transaction.TransactionManager; SearchStrategy: all) did not find any beans (OnBeanCondition)

   JpaBaseConfiguration.PersistenceManagedTypesConfiguration matched:
      - @ConditionalOnMissingBean (types: org.springframework.orm.jpa.LocalContainerEntityManagerFactoryBean,jakarta.persistence.EntityManagerFactory; SearchStrategy: all) did not find any beans (OnBeanCondition)

   JpaBaseConfiguration.PersistenceManagedTypesConfiguration#persistenceManagedTypes matched:
      - @ConditionalOnMissingBean (types: org.springframework.orm.jpa.persistenceunit.PersistenceManagedTypes; SearchStrategy: all) did not find any beans (OnBeanCondition)

   JpaRepositoriesAutoConfiguration matched:
      - @ConditionalOnClass found required class 'org.springframework.data.jpa.repository.JpaRepository' (OnClassCondition)
      - @ConditionalOnBooleanProperty (spring.data.jpa.repositories.enabled=true) matched (OnPropertyCondition)
      - @ConditionalOnBean (types: javax.sql.DataSource; SearchStrategy: all) found bean 'dataSource'; @ConditionalOnMissingBean (types: org.springframework.data.jpa.repository.support.JpaRepositoryFactoryBean,org.springframework.data.jpa.repository.config.JpaRepositoryConfigExtension; SearchStrategy: all) did not find any beans (OnBeanCondition)

   JtaAutoConfiguration matched:
      - @ConditionalOnClass found required class 'jakarta.transaction.Transaction' (OnClassCondition)
      - @ConditionalOnBooleanProperty (spring.jta.enabled=true) matched (OnPropertyCondition)

   LifecycleAutoConfiguration#defaultLifecycleProcessor matched:
      - @ConditionalOnMissingBean (names: lifecycleProcessor; SearchStrategy: current) did not find any beans (OnBeanCondition)

   MockMvcAutoConfiguration matched:
      - found 'session' scope (OnWebApplicationCondition)

   MockMvcConfiguration#mockMvc matched:
      - @ConditionalOnMissingBean (types: org.springframework.test.web.servlet.MockMvc; SearchStrategy: all) did not find any beans (OnBeanCondition)

   MockMvcConfiguration#mockMvcBuilder matched:
      - @ConditionalOnMissingBean (types: org.springframework.test.web.servlet.MockMvcBuilder; SearchStrategy: all) did not find any beans (OnBeanCondition)

   MockMvcSecurityConfiguration matched:
      - @ConditionalOnClass found required class 'org.springframework.security.test.web.servlet.request.SecurityMockMvcRequestPostProcessors' (OnClassCondition)

   MockMvcSecurityConfiguration#securityMockMvcBuilderCustomizer matched:
      - @ConditionalOnBean (names: springSecurityFilterChain; SearchStrategy: all) found bean 'springSecurityFilterChain' (OnBeanCondition)

   MockMvcTesterConfiguration matched:
      - @ConditionalOnClass found required class 'org.assertj.core.api.Assert' (OnClassCondition)

   MockMvcTesterConfiguration#mockMvcTester matched:
      - @ConditionalOnMissingBean (types: org.springframework.test.web.servlet.assertj.MockMvcTester; SearchStrategy: all) did not find any beans (OnBeanCondition)

   MultipartAutoConfiguration matched:
      - @ConditionalOnClass found required classes 'jakarta.servlet.Servlet', 'org.springframework.web.multipart.support.StandardServletMultipartResolver', 'jakarta.servlet.MultipartConfigElement' (OnClassCondition)
      - found 'session' scope (OnWebApplicationCondition)
      - @ConditionalOnBooleanProperty (spring.servlet.multipart.enabled=true) matched (OnPropertyCondition)

   MultipartAutoConfiguration#multipartConfigElement matched:
      - @ConditionalOnMissingBean (types: jakarta.servlet.MultipartConfigElement; SearchStrategy: all) did not find any beans (OnBeanCondition)

   MultipartAutoConfiguration#multipartResolver matched:
      - @ConditionalOnMissingBean (types: org.springframework.web.multipart.MultipartResolver; SearchStrategy: all) did not find any beans (OnBeanCondition)

   NamedParameterJdbcTemplateConfiguration matched:
      - @ConditionalOnSingleCandidate (types: org.springframework.jdbc.core.JdbcTemplate; SearchStrategy: all) found a single bean 'jdbcTemplate'; @ConditionalOnMissingBean (types: org.springframework.jdbc.core.namedparam.NamedParameterJdbcOperations; SearchStrategy: all) did not find any beans (OnBeanCondition)

   NoOpCacheConfiguration matched:
      - Cache org.springframework.boot.autoconfigure.cache.NoOpCacheConfiguration automatic cache type (CacheCondition)

   PersistenceExceptionTranslationAutoConfiguration matched:
      - @ConditionalOnClass found required class 'org.springframework.dao.annotation.PersistenceExceptionTranslationPostProcessor' (OnClassCondition)

   PersistenceExceptionTranslationAutoConfiguration#persistenceExceptionTranslationPostProcessor matched:
      - @ConditionalOnBooleanProperty (spring.dao.exceptiontranslation.enabled=true) matched (OnPropertyCondition)
      - @ConditionalOnMissingBean (types: org.springframework.dao.annotation.PersistenceExceptionTranslationPostProcessor; SearchStrategy: all) did not find any beans (OnBeanCondition)

   PropertyPlaceholderAutoConfiguration#propertySourcesPlaceholderConfigurer matched:
      - @ConditionalOnMissingBean (types: org.springframework.context.support.PropertySourcesPlaceholderConfigurer; SearchStrategy: current) did not find any beans (OnBeanCondition)

   RestClientAutoConfiguration matched:
      - @ConditionalOnClass found required class 'org.springframework.web.client.RestClient' (OnClassCondition)
      - AnyNestedCondition 1 matched 1 did not; NestedCondition on NotReactiveWebApplicationOrVirtualThreadsExecutorEnabledCondition.VirtualThreadsExecutorEnabled found non-matching nested conditions @ConditionalOnThreading did not find VIRTUAL; NestedCondition on NotReactiveWebApplicationOrVirtualThreadsExecutorEnabledCondition.NotReactiveWebApplication NoneNestedConditions 0 matched 1 did not; NestedCondition on NotReactiveWebApplicationCondition.ReactiveWebApplication did not find reactive web application classes (NotReactiveWebApplicationOrVirtualThreadsExecutorEnabledCondition)

   RestClientAutoConfiguration#httpMessageConvertersRestClientCustomizer matched:
      - @ConditionalOnMissingBean (types: org.springframework.boot.autoconfigure.web.client.HttpMessageConvertersRestClientCustomizer; SearchStrategy: all) did not find any beans (OnBeanCondition)

   RestClientAutoConfiguration#restClientBuilder matched:
      - @ConditionalOnMissingBean (types: org.springframework.web.client.RestClient$Builder; SearchStrategy: all) did not find any beans (OnBeanCondition)

   RestClientAutoConfiguration#restClientBuilderConfigurer matched:
      - @ConditionalOnMissingBean (types: org.springframework.boot.autoconfigure.web.client.RestClientBuilderConfigurer; SearchStrategy: all) did not find any beans (OnBeanCondition)

   RestClientAutoConfiguration#restClientSsl matched:
      - @ConditionalOnBean (types: org.springframework.boot.ssl.SslBundles; SearchStrategy: all) found bean 'sslBundleRegistry'; @ConditionalOnMissingBean (types: org.springframework.boot.autoconfigure.web.client.RestClientSsl; SearchStrategy: all) did not find any beans (OnBeanCondition)

   RestTemplateAutoConfiguration matched:
      - @ConditionalOnClass found required class 'org.springframework.web.client.RestTemplate' (OnClassCondition)
      - NoneNestedConditions 0 matched 1 did not; NestedCondition on NotReactiveWebApplicationCondition.ReactiveWebApplication did not find reactive web application classes (NotReactiveWebApplicationCondition)

   RestTemplateAutoConfiguration#restTemplateBuilder matched:
      - @ConditionalOnMissingBean (types: org.springframework.boot.web.client.RestTemplateBuilder; SearchStrategy: all) did not find any beans (OnBeanCondition)

   SecurityAutoConfiguration matched:
      - @ConditionalOnClass found required class 'org.springframework.security.authentication.DefaultAuthenticationEventPublisher' (OnClassCondition)

   SecurityAutoConfiguration#authenticationEventPublisher matched:
      - @ConditionalOnMissingBean (types: org.springframework.security.authentication.AuthenticationEventPublisher; SearchStrategy: all) did not find any beans (OnBeanCondition)

   SecurityFilterAutoConfiguration matched:
      - @ConditionalOnClass found required classes 'org.springframework.security.web.context.AbstractSecurityWebApplicationInitializer', 'org.springframework.security.config.http.SessionCreationPolicy' (OnClassCondition)
      - found 'session' scope (OnWebApplicationCondition)

   SecurityFilterAutoConfiguration#securityFilterChainRegistration matched:
      - @ConditionalOnBean (names: springSecurityFilterChain; SearchStrategy: all) found bean 'springSecurityFilterChain' (OnBeanCondition)

   ServletWebServerFactoryAutoConfiguration matched:
      - @ConditionalOnClass found required class 'jakarta.servlet.ServletRequest' (OnClassCondition)
      - found 'session' scope (OnWebApplicationCondition)

   ServletWebServerFactoryAutoConfiguration.TomcatConfiguration matched:
      - @ConditionalOnClass found required class 'org.apache.catalina.startup.Tomcat' (OnClassCondition)

   ServletWebServerFactoryConfiguration.EmbeddedTomcat matched:
      - @ConditionalOnClass found required classes 'jakarta.servlet.Servlet', 'org.apache.catalina.startup.Tomcat', 'org.apache.coyote.UpgradeProtocol' (OnClassCondition)
      - @ConditionalOnMissingBean (types: org.springframework.boot.web.servlet.server.ServletWebServerFactory; SearchStrategy: current) did not find any beans (OnBeanCondition)

   SimpleCacheConfiguration matched:
      - Cache org.springframework.boot.autoconfigure.cache.SimpleCacheConfiguration automatic cache type (CacheCondition)

   SpringBootWebSecurityConfiguration matched:
      - found 'session' scope (OnWebApplicationCondition)

   SpringBootWebSecurityConfiguration.WebSecurityEnablerConfiguration matched:
      - @ConditionalOnClass found required class 'org.springframework.security.config.annotation.web.configuration.EnableWebSecurity' (OnClassCondition)
      - @ConditionalOnMissingBean (names: springSecurityFilterChain; SearchStrategy: all) did not find any beans (OnBeanCondition)

   SpringDataWebAutoConfiguration matched:
      - @ConditionalOnClass found required classes 'org.springframework.data.web.PageableHandlerMethodArgumentResolver', 'org.springframework.web.servlet.config.annotation.WebMvcConfigurer' (OnClassCondition)
      - found 'session' scope (OnWebApplicationCondition)
      - @ConditionalOnMissingBean (types: org.springframework.data.web.PageableHandlerMethodArgumentResolver; SearchStrategy: all) did not find any beans (OnBeanCondition)

   SpringDataWebAutoConfiguration#pageableCustomizer matched:
      - @ConditionalOnMissingBean (types: org.springframework.data.web.config.PageableHandlerMethodArgumentResolverCustomizer; SearchStrategy: all) did not find any beans (OnBeanCondition)

   SpringDataWebAutoConfiguration#sortCustomizer matched:
      - @ConditionalOnMissingBean (types: org.springframework.data.web.config.SortHandlerMethodArgumentResolverCustomizer; SearchStrategy: all) did not find any beans (OnBeanCondition)

   SpringDataWebAutoConfiguration#springDataWebSettings matched:
      - @ConditionalOnMissingBean (types: org.springframework.data.web.config.SpringDataWebSettings; SearchStrategy: all) did not find any beans (OnBeanCondition)

   SslAutoConfiguration#sslBundleRegistry matched:
      - @ConditionalOnMissingBean (types: org.springframework.boot.ssl.SslBundleRegistry,org.springframework.boot.ssl.SslBundles; SearchStrategy: all) did not find any beans (OnBeanCondition)

   TaskExecutionAutoConfiguration matched:
      - @ConditionalOnClass found required class 'org.springframework.scheduling.concurrent.ThreadPoolTaskExecutor' (OnClassCondition)

   TaskExecutorConfigurations.AsyncConfigurerConfiguration matched:
      - @ConditionalOnMissingBean (types: org.springframework.scheduling.annotation.AsyncConfigurer; SearchStrategy: all) did not find any beans (OnBeanCondition)

   TaskExecutorConfigurations.AsyncConfigurerConfiguration#applicationTaskExecutorAsyncConfigurer matched:
      - @ConditionalOnMissingBean (types: org.springframework.scheduling.annotation.AsyncConfigurer; SearchStrategy: all) did not find any beans (OnBeanCondition)

   TaskExecutorConfigurations.SimpleAsyncTaskExecutorBuilderConfiguration#simpleAsyncTaskExecutorBuilder matched:
      - @ConditionalOnMissingBean (types: org.springframework.boot.task.SimpleAsyncTaskExecutorBuilder; SearchStrategy: all) did not find any beans (OnBeanCondition)
      - @ConditionalOnThreading found PLATFORM (OnThreadingCondition)

   TaskExecutorConfigurations.TaskExecutorConfiguration matched:
      - AnyNestedCondition 1 matched 1 did not; NestedCondition on TaskExecutorConfigurations.OnExecutorCondition.ModelCondition @ConditionalOnProperty (spring.task.execution.mode=force) did not find property 'spring.task.execution.mode'; NestedCondition on TaskExecutorConfigurations.OnExecutorCondition.ExecutorBeanCondition @ConditionalOnMissingBean (types: java.util.concurrent.Executor; SearchStrategy: all) did not find any beans (TaskExecutorConfigurations.OnExecutorCondition)

   TaskExecutorConfigurations.TaskExecutorConfiguration#applicationTaskExecutor matched:
      - @ConditionalOnThreading found PLATFORM (OnThreadingCondition)

   TaskExecutorConfigurations.ThreadPoolTaskExecutorBuilderConfiguration#threadPoolTaskExecutorBuilder matched:
      - @ConditionalOnMissingBean (types: org.springframework.boot.task.ThreadPoolTaskExecutorBuilder; SearchStrategy: all) did not find any beans (OnBeanCondition)

   TaskSchedulingAutoConfiguration matched:
      - @ConditionalOnClass found required class 'org.springframework.scheduling.concurrent.ThreadPoolTaskScheduler' (OnClassCondition)

   TaskSchedulingConfigurations.SimpleAsyncTaskSchedulerBuilderConfiguration#simpleAsyncTaskSchedulerBuilder matched:
      - @ConditionalOnMissingBean (types: org.springframework.boot.task.SimpleAsyncTaskSchedulerBuilder; SearchStrategy: all) did not find any beans (OnBeanCondition)
      - @ConditionalOnThreading found PLATFORM (OnThreadingCondition)

   TaskSchedulingConfigurations.ThreadPoolTaskSchedulerBuilderConfiguration#threadPoolTaskSchedulerBuilder matched:
      - @ConditionalOnMissingBean (types: org.springframework.boot.task.ThreadPoolTaskSchedulerBuilder; SearchStrategy: all) did not find any beans (OnBeanCondition)

   TemplateEngineConfigurations.DefaultTemplateEngineConfiguration#templateEngine matched:
      - @ConditionalOnMissingBean (types: org.thymeleaf.spring6.ISpringTemplateEngine; SearchStrategy: all) did not find any beans (OnBeanCondition)

   ThymeleafAutoConfiguration matched:
      - @ConditionalOnClass found required classes 'org.thymeleaf.templatemode.TemplateMode', 'org.thymeleaf.spring6.SpringTemplateEngine' (OnClassCondition)

   ThymeleafAutoConfiguration.DefaultTemplateResolverConfiguration matched:
      - @ConditionalOnMissingBean (names: defaultTemplateResolver; SearchStrategy: all) did not find any beans (OnBeanCondition)

   ThymeleafAutoConfiguration.ThymeleafWebMvcConfiguration matched:
      - found 'session' scope (OnWebApplicationCondition)
      - @ConditionalOnBooleanProperty (spring.thymeleaf.enabled=true) matched (OnPropertyCondition)

   ThymeleafAutoConfiguration.ThymeleafWebMvcConfiguration.ThymeleafViewResolverConfiguration matched:
      - @ConditionalOnClass found required class 'org.springframework.web.servlet.view.AbstractCachingViewResolver' (OnClassCondition)

   ThymeleafAutoConfiguration.ThymeleafWebMvcConfiguration.ThymeleafViewResolverConfiguration#thymeleafViewResolver matched:
      - @ConditionalOnMissingBean (names: thymeleafViewResolver; SearchStrategy: all) did not find any beans (OnBeanCondition)

   TransactionAutoConfiguration matched:
      - @ConditionalOnClass found required class 'org.springframework.transaction.PlatformTransactionManager' (OnClassCondition)

   TransactionAutoConfiguration.EnableTransactionManagementConfiguration matched:
      - @ConditionalOnBean (types: org.springframework.transaction.TransactionManager; SearchStrategy: all) found bean 'transactionManager'; @ConditionalOnMissingBean (types: org.springframework.transaction.annotation.AbstractTransactionManagementConfiguration; SearchStrategy: all) did not find any beans (OnBeanCondition)

   TransactionAutoConfiguration.EnableTransactionManagementConfiguration.CglibAutoProxyConfiguration matched:
      - @ConditionalOnBooleanProperty (spring.aop.proxy-target-class=true) matched (OnPropertyCondition)

   TransactionAutoConfiguration.TransactionTemplateConfiguration matched:
      - @ConditionalOnSingleCandidate (types: org.springframework.transaction.PlatformTransactionManager; SearchStrategy: all) found a single bean 'transactionManager' (OnBeanCondition)

   TransactionAutoConfiguration.TransactionTemplateConfiguration#transactionTemplate matched:
      - @ConditionalOnMissingBean (types: org.springframework.transaction.support.TransactionOperations; SearchStrategy: all) did not find any beans (OnBeanCondition)

   TransactionManagerCustomizationAutoConfiguration matched:
      - @ConditionalOnClass found required class 'org.springframework.transaction.PlatformTransactionManager' (OnClassCondition)

   TransactionManagerCustomizationAutoConfiguration#platformTransactionManagerCustomizers matched:
      - @ConditionalOnMissingBean (types: org.springframework.boot.autoconfigure.transaction.TransactionManagerCustomizers; SearchStrategy: all) did not find any beans (OnBeanCondition)

   ValidationAutoConfiguration matched:
      - @ConditionalOnClass found required class 'jakarta.validation.executable.ExecutableValidator' (OnClassCondition)
      - @ConditionalOnResource found location classpath:META-INF/services/jakarta.validation.spi.ValidationProvider (OnResourceCondition)

   ValidationAutoConfiguration#defaultValidator matched:
      - @ConditionalOnMissingBean (types: jakarta.validation.Validator; SearchStrategy: all) did not find any beans (OnBeanCondition)

   ValidationAutoConfiguration#methodValidationPostProcessor matched:
      - @ConditionalOnMissingBean (types: org.springframework.validation.beanvalidation.MethodValidationPostProcessor; SearchStrategy: current) did not find any beans (OnBeanCondition)

   WebMvcAutoConfiguration matched:
      - @ConditionalOnClass found required classes 'jakarta.servlet.Servlet', 'org.springframework.web.servlet.DispatcherServlet', 'org.springframework.web.servlet.config.annotation.WebMvcConfigurer' (OnClassCondition)
      - found 'session' scope (OnWebApplicationCondition)
      - @ConditionalOnMissingBean (types: org.springframework.web.servlet.config.annotation.WebMvcConfigurationSupport; SearchStrategy: all) did not find any beans (OnBeanCondition)

   WebMvcAutoConfiguration#formContentFilter matched:
      - @ConditionalOnBooleanProperty (spring.mvc.formcontent.filter.enabled=true) matched (OnPropertyCondition)
      - @ConditionalOnMissingBean (types: org.springframework.web.filter.FormContentFilter; SearchStrategy: all) did not find any beans (OnBeanCondition)

   WebMvcAutoConfiguration.EnableWebMvcConfiguration#flashMapManager matched:
      - @ConditionalOnMissingBean (names: flashMapManager; SearchStrategy: all) did not find any beans (OnBeanCondition)

   WebMvcAutoConfiguration.EnableWebMvcConfiguration#localeResolver matched:
      - @ConditionalOnMissingBean (names: localeResolver; SearchStrategy: all) did not find any beans (OnBeanCondition)

   WebMvcAutoConfiguration.EnableWebMvcConfiguration#themeResolver matched:
      - @ConditionalOnMissingBean (names: themeResolver; SearchStrategy: all) did not find any beans (OnBeanCondition)

   WebMvcAutoConfiguration.EnableWebMvcConfiguration#viewNameTranslator matched:
      - @ConditionalOnMissingBean (names: viewNameTranslator; SearchStrategy: all) did not find any beans (OnBeanCondition)

   WebMvcAutoConfiguration.WebMvcAutoConfigurationAdapter#defaultViewResolver matched:
      - @ConditionalOnMissingBean (types: org.springframework.web.servlet.view.InternalResourceViewResolver; SearchStrategy: all) did not find any beans (OnBeanCondition)

   WebMvcAutoConfiguration.WebMvcAutoConfigurationAdapter#requestContextFilter matched:
      - @ConditionalOnMissingBean (types: org.springframework.web.context.request.RequestContextListener,org.springframework.web.filter.RequestContextFilter; SearchStrategy: all) did not find any beans (OnBeanCondition)

   WebMvcAutoConfiguration.WebMvcAutoConfigurationAdapter#viewResolver matched:
      - @ConditionalOnBean (types: org.springframework.web.servlet.ViewResolver; SearchStrategy: all) found beans 'defaultViewResolver', 'beanNameViewResolver', 'mvcViewResolver'; @ConditionalOnMissingBean (names: viewResolver types: org.springframework.web.servlet.view.ContentNegotiatingViewResolver; SearchStrategy: all) did not find any beans (OnBeanCondition)

   WebSocketServletAutoConfiguration matched:
      - @ConditionalOnClass found required classes 'jakarta.servlet.Servlet', 'jakarta.websocket.server.ServerContainer' (OnClassCondition)
      - found 'session' scope (OnWebApplicationCondition)

   WebSocketServletAutoConfiguration.TomcatWebSocketConfiguration matched:
      - @ConditionalOnClass found required classes 'org.apache.catalina.startup.Tomcat', 'org.apache.tomcat.websocket.server.WsSci' (OnClassCondition)

   WebSocketServletAutoConfiguration.TomcatWebSocketConfiguration#websocketServletWebServerCustomizer matched:
      - @ConditionalOnMissingBean (names: websocketServletWebServerCustomizer; SearchStrategy: all) did not find any beans (OnBeanCondition)


Negative matches:
-----------------

   ActiveMQAutoConfiguration:
      Did not match:
         - @ConditionalOnClass did not find required class 'jakarta.jms.ConnectionFactory' (OnClassCondition)

   AopAutoConfiguration.AspectJAutoProxyingConfiguration.JdkDynamicAutoProxyConfiguration:
      Did not match:
         - @ConditionalOnBooleanProperty (spring.aop.proxy-target-class=false) did not find property 'spring.aop.proxy-target-class' (OnPropertyCondition)

   AopAutoConfiguration.ClassProxyingConfiguration:
      Did not match:
         - @ConditionalOnMissingClass found unwanted class 'org.aspectj.weaver.Advice' (OnClassCondition)

   ArtemisAutoConfiguration:
      Did not match:
         - @ConditionalOnClass did not find required class 'jakarta.jms.ConnectionFactory' (OnClassCondition)

   BatchAutoConfiguration:
      Did not match:
         - @ConditionalOnClass did not find required class 'org.springframework.batch.core.launch.JobLauncher' (OnClassCondition)

   Cache2kCacheConfiguration:
      Did not match:
         - @ConditionalOnClass did not find required class 'org.cache2k.Cache2kBuilder' (OnClassCondition)

   CacheAutoConfiguration:
      Did not match:
         - @ConditionalOnBean (types: org.springframework.cache.interceptor.CacheAspectSupport; SearchStrategy: all) did not find any beans of type org.springframework.cache.interceptor.CacheAspectSupport (OnBeanCondition)
      Matched:
         - @ConditionalOnClass found required class 'org.springframework.cache.CacheManager' (OnClassCondition)

   CacheAutoConfiguration.CacheManagerEntityManagerFactoryDependsOnPostProcessor:
      Did not match:
         - Ancestor org.springframework.boot.autoconfigure.cache.CacheAutoConfiguration did not match (ConditionEvaluationReport.AncestorsMatchedCondition)
      Matched:
         - @ConditionalOnClass found required class 'org.springframework.orm.jpa.LocalContainerEntityManagerFactoryBean' (OnClassCondition)

   CaffeineCacheConfiguration:
      Did not match:
         - @ConditionalOnClass did not find required class 'com.github.benmanes.caffeine.cache.Caffeine' (OnClassCondition)

   CassandraAutoConfiguration:
      Did not match:
         - @ConditionalOnClass did not find required class 'com.datastax.oss.driver.api.core.CqlSession' (OnClassCondition)

   CassandraDataAutoConfiguration:
      Did not match:
         - @ConditionalOnClass did not find required class 'com.datastax.oss.driver.api.core.CqlSession' (OnClassCondition)

   CassandraReactiveDataAutoConfiguration:
      Did not match:
         - @ConditionalOnClass did not find required class 'com.datastax.oss.driver.api.core.CqlSession' (OnClassCondition)

   CassandraReactiveRepositoriesAutoConfiguration:
      Did not match:
         - @ConditionalOnClass did not find required class 'org.springframework.data.cassandra.ReactiveSession' (OnClassCondition)

   CassandraRepositoriesAutoConfiguration:
      Did not match:
         - @ConditionalOnClass did not find required class 'com.datastax.oss.driver.api.core.CqlSession' (OnClassCondition)

   org.springframework.boot.autoconfigure.http.client.reactive.ClientHttpConnectorAutoConfiguration:
      Did not match:
         - @ConditionalOnClass did not find required class 'reactor.core.publisher.Mono' (OnClassCondition)

   org.springframework.boot.autoconfigure.web.reactive.function.client.ClientHttpConnectorAutoConfiguration:
      Did not match:
         - @ConditionalOnClass did not find required class 'org.springframework.web.reactive.function.client.WebClient' (OnClassCondition)

   CodecsAutoConfiguration:
      Did not match:
         - @ConditionalOnClass did not find required class 'org.springframework.web.reactive.function.client.WebClient' (OnClassCondition)

   CouchbaseAutoConfiguration:
      Did not match:
         - @ConditionalOnClass did not find required class 'com.couchbase.client.java.Cluster' (OnClassCondition)

   CouchbaseCacheConfiguration:
      Did not match:
         - @ConditionalOnClass did not find required class 'com.couchbase.client.java.Cluster' (OnClassCondition)

   CouchbaseDataAutoConfiguration:
      Did not match:
         - @ConditionalOnClass did not find required class 'com.couchbase.client.java.Bucket' (OnClassCondition)

   CouchbaseReactiveDataAutoConfiguration:
      Did not match:
         - @ConditionalOnClass did not find required class 'com.couchbase.client.java.Cluster' (OnClassCondition)

   CouchbaseReactiveRepositoriesAutoConfiguration:
      Did not match:
         - @ConditionalOnClass did not find required class 'com.couchbase.client.java.Cluster' (OnClassCondition)

   CouchbaseRepositoriesAutoConfiguration:
      Did not match:
         - @ConditionalOnClass did not find required class 'com.couchbase.client.java.Bucket' (OnClassCondition)

   DataSourceAutoConfiguration.EmbeddedDatabaseConfiguration:
      Did not match:
         - EmbeddedDataSource spring.datasource.url is set (DataSourceAutoConfiguration.EmbeddedDatabaseCondition)

   DataSourceCheckpointRestoreConfiguration:
      Did not match:
         - @ConditionalOnClass did not find required class 'org.crac.Resource' (OnClassCondition)

   DataSourceConfiguration.Dbcp2:
      Did not match:
         - @ConditionalOnClass did not find required class 'org.apache.commons.dbcp2.BasicDataSource' (OnClassCondition)

   DataSourceConfiguration.Generic:
      Did not match:
         - @ConditionalOnProperty (spring.datasource.type) did not find property 'spring.datasource.type' (OnPropertyCondition)

   DataSourceConfiguration.OracleUcp:
      Did not match:
         - @ConditionalOnClass did not find required classes 'oracle.ucp.jdbc.PoolDataSourceImpl', 'oracle.jdbc.OracleConnection' (OnClassCondition)

   DataSourceConfiguration.Tomcat:
      Did not match:
         - @ConditionalOnClass did not find required class 'org.apache.tomcat.jdbc.pool.DataSource' (OnClassCondition)

   DataSourceJmxConfiguration:
      Did not match:
         - @ConditionalOnBooleanProperty (spring.jmx.enabled=true) found different value in property 'spring.jmx.enabled' (OnPropertyCondition)

   DataSourcePoolMetadataProvidersConfiguration.CommonsDbcp2PoolDataSourceMetadataProviderConfiguration:
      Did not match:
         - @ConditionalOnClass did not find required class 'org.apache.commons.dbcp2.BasicDataSource' (OnClassCondition)

   DataSourcePoolMetadataProvidersConfiguration.OracleUcpPoolDataSourceMetadataProviderConfiguration:
      Did not match:
         - @ConditionalOnClass did not find required classes 'oracle.ucp.jdbc.PoolDataSource', 'oracle.jdbc.OracleConnection' (OnClassCondition)

   DataSourcePoolMetadataProvidersConfiguration.TomcatDataSourcePoolMetadataProviderConfiguration:
      Did not match:
         - @ConditionalOnClass did not find required class 'org.apache.tomcat.jdbc.pool.DataSource' (OnClassCondition)

   DataSourceTransactionManagerAutoConfiguration.JdbcTransactionManagerConfiguration#transactionManager:
      Did not match:
         - @ConditionalOnMissingBean (types: org.springframework.transaction.TransactionManager; SearchStrategy: all) found beans of type 'org.springframework.transaction.TransactionManager' transactionManager (OnBeanCondition)

   DispatcherServletAutoConfiguration.DispatcherServletConfiguration#multipartResolver:
      Did not match:
         - @ConditionalOnBean (types: org.springframework.web.multipart.MultipartResolver; SearchStrategy: all) did not find any beans of type org.springframework.web.multipart.MultipartResolver (OnBeanCondition)

   ElasticsearchClientAutoConfiguration:
      Did not match:
         - @ConditionalOnClass did not find required class 'co.elastic.clients.elasticsearch.ElasticsearchClient' (OnClassCondition)

   ElasticsearchDataAutoConfiguration:
      Did not match:
         - @ConditionalOnClass did not find required class 'org.springframework.data.elasticsearch.client.elc.ElasticsearchTemplate' (OnClassCondition)

   ElasticsearchRepositoriesAutoConfiguration:
      Did not match:
         - @ConditionalOnClass did not find required class 'org.springframework.data.elasticsearch.repository.ElasticsearchRepository' (OnClassCondition)

   ElasticsearchRestClientAutoConfiguration:
      Did not match:
         - @ConditionalOnClass did not find required class 'org.elasticsearch.client.RestClientBuilder' (OnClassCondition)

   EmbeddedLdapAutoConfiguration:
      Did not match:
         - @ConditionalOnClass did not find required class 'com.unboundid.ldap.listener.InMemoryDirectoryServer' (OnClassCondition)

   EmbeddedWebServerFactoryCustomizerAutoConfiguration:
      Did not match:
         - Application is deployed as a WAR file. (OnWarDeploymentCondition)
      Matched:
         - @ConditionalOnWebApplication (required) found 'session' scope (OnWebApplicationCondition)

   ErrorWebFluxAutoConfiguration:
      Did not match:
         - @ConditionalOnClass did not find required class 'org.springframework.web.reactive.config.WebFluxConfigurer' (OnClassCondition)

   FlywayAutoConfiguration:
      Did not match:
         - @ConditionalOnClass did not find required class 'org.flywaydb.core.Flyway' (OnClassCondition)

   FreeMarkerAutoConfiguration:
      Did not match:
         - @ConditionalOnClass did not find required class 'freemarker.template.Configuration' (OnClassCondition)

   GraphQlAutoConfiguration:
      Did not match:
         - @ConditionalOnClass did not find required class 'graphql.GraphQL' (OnClassCondition)

   GraphQlQueryByExampleAutoConfiguration:
      Did not match:
         - @ConditionalOnClass did not find required class 'graphql.GraphQL' (OnClassCondition)

   GraphQlQuerydslAutoConfiguration:
      Did not match:
         - @ConditionalOnClass did not find required class 'com.querydsl.core.Query' (OnClassCondition)

   GraphQlRSocketAutoConfiguration:
      Did not match:
         - @ConditionalOnClass did not find required class 'graphql.GraphQL' (OnClassCondition)

   GraphQlReactiveQueryByExampleAutoConfiguration:
      Did not match:
         - @ConditionalOnClass did not find required class 'graphql.GraphQL' (OnClassCondition)

   GraphQlReactiveQuerydslAutoConfiguration:
      Did not match:
         - @ConditionalOnClass did not find required class 'com.querydsl.core.Query' (OnClassCondition)

   GraphQlWebFluxAutoConfiguration:
      Did not match:
         - @ConditionalOnClass did not find required class 'graphql.GraphQL' (OnClassCondition)

   GraphQlWebFluxSecurityAutoConfiguration:
      Did not match:
         - @ConditionalOnClass did not find required class 'graphql.GraphQL' (OnClassCondition)

   GraphQlWebMvcAutoConfiguration:
      Did not match:
         - @ConditionalOnClass did not find required class 'graphql.GraphQL' (OnClassCondition)

   GraphQlWebMvcSecurityAutoConfiguration:
      Did not match:
         - @ConditionalOnClass did not find required class 'graphql.GraphQL' (OnClassCondition)

   GroovyTemplateAutoConfiguration:
      Did not match:
         - @ConditionalOnClass did not find required class 'groovy.text.markup.MarkupTemplateEngine' (OnClassCondition)

   GsonAutoConfiguration:
      Did not match:
         - @ConditionalOnClass did not find required class 'com.google.gson.Gson' (OnClassCondition)

   GsonHttpMessageConvertersConfiguration:
      Did not match:
         - @ConditionalOnClass did not find required class 'com.google.gson.Gson' (OnClassCondition)

   H2ConsoleAutoConfiguration:
      Did not match:
         - @ConditionalOnBooleanProperty (spring.h2.console.enabled=true) did not find property 'spring.h2.console.enabled' (OnPropertyCondition)
      Matched:
         - @ConditionalOnClass found required class 'org.h2.server.web.JakartaWebServlet' (OnClassCondition)
         - found 'session' scope (OnWebApplicationCondition)

   HazelcastAutoConfiguration:
      Did not match:
         - @ConditionalOnClass did not find required class 'com.hazelcast.core.HazelcastInstance' (OnClassCondition)

   HazelcastCacheConfiguration:
      Did not match:
         - @ConditionalOnClass did not find required class 'com.hazelcast.core.HazelcastInstance' (OnClassCondition)

   HazelcastJpaDependencyAutoConfiguration:
      Did not match:
         - @ConditionalOnClass did not find required class 'com.hazelcast.core.HazelcastInstance' (OnClassCondition)

   HttpHandlerAutoConfiguration:
      Did not match:
         - @ConditionalOnClass did not find required class 'org.springframework.web.reactive.DispatcherHandler' (OnClassCondition)

   HypermediaAutoConfiguration:
      Did not match:
         - @ConditionalOnClass did not find required class 'org.springframework.hateoas.EntityModel' (OnClassCondition)

   InfinispanCacheConfiguration:
      Did not match:
         - @ConditionalOnClass did not find required class 'org.infinispan.spring.embedded.provider.SpringEmbeddedCacheManager' (OnClassCondition)

   IntegrationAutoConfiguration:
      Did not match:
         - @ConditionalOnClass did not find required class 'org.springframework.integration.config.EnableIntegration' (OnClassCondition)

   JCacheCacheConfiguration:
      Did not match:
         - @ConditionalOnClass did not find required class 'javax.cache.Caching' (OnClassCondition)

   JacksonHttpMessageConvertersConfiguration.MappingJackson2XmlHttpMessageConverterConfiguration:
      Did not match:
         - @ConditionalOnClass did not find required class 'com.fasterxml.jackson.dataformat.xml.XmlMapper' (OnClassCondition)

   JdbcRepositoriesAutoConfiguration:
      Did not match:
         - @ConditionalOnClass did not find required class 'org.springframework.data.jdbc.repository.config.AbstractJdbcConfiguration' (OnClassCondition)

   JerseyAutoConfiguration:
      Did not match:
         - @ConditionalOnClass did not find required class 'org.glassfish.jersey.server.spring.SpringComponentProvider' (OnClassCondition)

   JmsAutoConfiguration:
      Did not match:
         - @ConditionalOnClass did not find required class 'jakarta.jms.Message' (OnClassCondition)

   JmxAutoConfiguration:
      Did not match:
         - @ConditionalOnBooleanProperty (spring.jmx.enabled=true) found different value in property 'spring.jmx.enabled' (OnPropertyCondition)
      Matched:
         - @ConditionalOnClass found required class 'org.springframework.jmx.export.MBeanExporter' (OnClassCondition)

   JndiConnectionFactoryAutoConfiguration:
      Did not match:
         - @ConditionalOnClass did not find required class 'org.springframework.jms.core.JmsTemplate' (OnClassCondition)

   JndiDataSourceAutoConfiguration:
      Did not match:
         - @ConditionalOnProperty (spring.datasource.jndi-name) did not find property 'spring.datasource.jndi-name' (OnPropertyCondition)
      Matched:
         - @ConditionalOnClass found required classes 'javax.sql.DataSource', 'org.springframework.jdbc.datasource.embedded.EmbeddedDatabaseType' (OnClassCondition)

   JndiJtaConfiguration:
      Did not match:
         - @ConditionalOnJndi JNDI environment is not available (OnJndiCondition)
      Matched:
         - @ConditionalOnClass found required class 'org.springframework.transaction.jta.JtaTransactionManager' (OnClassCondition)

   JooqAutoConfiguration:
      Did not match:
         - @ConditionalOnClass did not find required class 'org.jooq.DSLContext' (OnClassCondition)

   JpaBaseConfiguration.JpaWebConfiguration:
      Did not match:
         - @ConditionalOnBooleanProperty (spring.jpa.open-in-view=true) found different value in property 'spring.jpa.open-in-view' (OnPropertyCondition)
      Matched:
         - @ConditionalOnClass found required class 'org.springframework.web.servlet.config.annotation.WebMvcConfigurer' (OnClassCondition)
         - found 'session' scope (OnWebApplicationCondition)

   JpaRepositoriesAutoConfiguration#entityManagerFactoryBootstrapExecutorCustomizer:
      Did not match:
         - AnyNestedCondition 0 matched 2 did not; NestedCondition on JpaRepositoriesAutoConfiguration.BootstrapExecutorCondition.LazyBootstrapMode @ConditionalOnProperty (spring.data.jpa.repositories.bootstrap-mode=lazy) did not find property 'spring.data.jpa.repositories.bootstrap-mode'; NestedCondition on JpaRepositoriesAutoConfiguration.BootstrapExecutorCondition.DeferredBootstrapMode @ConditionalOnProperty (spring.data.jpa.repositories.bootstrap-mode=deferred) did not find property 'spring.data.jpa.repositories.bootstrap-mode' (JpaRepositoriesAutoConfiguration.BootstrapExecutorCondition)

   JsonbAutoConfiguration:
      Did not match:
         - @ConditionalOnClass did not find required class 'jakarta.json.bind.Jsonb' (OnClassCondition)

   JsonbHttpMessageConvertersConfiguration:
      Did not match:
         - @ConditionalOnClass did not find required class 'jakarta.json.bind.Jsonb' (OnClassCondition)

   KafkaAutoConfiguration:
      Did not match:
         - @ConditionalOnClass did not find required class 'org.springframework.kafka.core.KafkaTemplate' (OnClassCondition)

   LdapAutoConfiguration:
      Did not match:
         - @ConditionalOnClass did not find required class 'org.springframework.ldap.core.ContextSource' (OnClassCondition)

   LdapRepositoriesAutoConfiguration:
      Did not match:
         - @ConditionalOnClass did not find required class 'org.springframework.data.ldap.repository.LdapRepository' (OnClassCondition)

   LiquibaseAutoConfiguration:
      Did not match:
         - @ConditionalOnClass did not find required class 'liquibase.change.DatabaseChange' (OnClassCondition)

   MailSenderAutoConfiguration:
      Did not match:
         - @ConditionalOnClass did not find required class 'jakarta.mail.internet.MimeMessage' (OnClassCondition)

   MailSenderValidatorAutoConfiguration:
      Did not match:
         - @ConditionalOnSingleCandidate did not find required type 'org.springframework.mail.javamail.JavaMailSenderImpl' (OnBeanCondition)

   MessageSourceAutoConfiguration:
      Did not match:
         - ResourceBundle did not find bundle with basename messages (MessageSourceAutoConfiguration.ResourceBundleCondition)

   MockMvcAutoConfiguration#dispatcherServlet:
      Did not match:
         - @ConditionalOnMissingBean (types: org.springframework.web.servlet.DispatcherServlet; SearchStrategy: all) found beans of type 'org.springframework.web.servlet.DispatcherServlet' dispatcherServlet (OnBeanCondition)

   MockMvcAutoConfiguration#dispatcherServletPath:
      Did not match:
         - @ConditionalOnMissingBean (types: org.springframework.boot.autoconfigure.web.servlet.DispatcherServletPath; SearchStrategy: all) found beans of type 'org.springframework.boot.autoconfigure.web.servlet.DispatcherServletPath' dispatcherServletRegistration (OnBeanCondition)

   MockMvcAutoConfiguration.WebTestClientMockMvcConfiguration:
      Did not match:
         - @ConditionalOnClass did not find required class 'org.springframework.web.reactive.function.client.WebClient' (OnClassCondition)

   MockMvcWebClientAutoConfiguration:
      Did not match:
         - @ConditionalOnClass did not find required class 'org.htmlunit.WebClient' (OnClassCondition)

   MockMvcWebDriverAutoConfiguration:
      Did not match:
         - @ConditionalOnClass did not find required class 'org.openqa.selenium.htmlunit.HtmlUnitDriver' (OnClassCondition)

   MongoAutoConfiguration:
      Did not match:
         - @ConditionalOnClass did not find required class 'com.mongodb.client.MongoClient' (OnClassCondition)

   MongoDataAutoConfiguration:
      Did not match:
         - @ConditionalOnClass did not find required class 'com.mongodb.client.MongoClient' (OnClassCondition)

   MongoReactiveAutoConfiguration:
      Did not match:
         - @ConditionalOnClass did not find required class 'com.mongodb.reactivestreams.client.MongoClient' (OnClassCondition)

   MongoReactiveDataAutoConfiguration:
      Did not match:
         - @ConditionalOnClass did not find required class 'com.mongodb.reactivestreams.client.MongoClient' (OnClassCondition)

   MongoReactiveRepositoriesAutoConfiguration:
      Did not match:
         - @ConditionalOnClass did not find required class 'com.mongodb.reactivestreams.client.MongoClient' (OnClassCondition)

   MongoRepositoriesAutoConfiguration:
      Did not match:
         - @ConditionalOnClass did not find required class 'com.mongodb.client.MongoClient' (OnClassCondition)

   MustacheAutoConfiguration:
      Did not match:
         - @ConditionalOnClass did not find required class 'com.samskivert.mustache.Mustache' (OnClassCondition)

   Neo4jAutoConfiguration:
      Did not match:
         - @ConditionalOnClass did not find required class 'org.neo4j.driver.Driver' (OnClassCondition)

   Neo4jDataAutoConfiguration:
      Did not match:
         - @ConditionalOnClass did not find required class 'org.neo4j.driver.Driver' (OnClassCondition)

   Neo4jReactiveDataAutoConfiguration:
      Did not match:
         - @ConditionalOnClass did not find required class 'org.neo4j.driver.Driver' (OnClassCondition)

   Neo4jReactiveRepositoriesAutoConfiguration:
      Did not match:
         - @ConditionalOnClass did not find required class 'org.neo4j.driver.Driver' (OnClassCondition)

   Neo4jRepositoriesAutoConfiguration:
      Did not match:
         - @ConditionalOnClass did not find required class 'org.neo4j.driver.Driver' (OnClassCondition)

   NettyAutoConfiguration:
      Did not match:
         - @ConditionalOnClass did not find required class 'io.netty.util.NettyRuntime' (OnClassCondition)

   OAuth2AuthorizationServerAutoConfiguration:
      Did not match:
         - @ConditionalOnClass did not find required class 'org.springframework.security.oauth2.server.authorization.OAuth2Authorization' (OnClassCondition)

   OAuth2AuthorizationServerJwtAutoConfiguration:
      Did not match:
         - @ConditionalOnClass did not find required class 'com.nimbusds.jose.jwk.source.JWKSource' (OnClassCondition)

   OAuth2ClientAutoConfiguration:
      Did not match:
         - @ConditionalOnClass did not find required class 'org.springframework.security.oauth2.client.registration.ClientRegistration' (OnClassCondition)

   OAuth2ClientWebSecurityAutoConfiguration:
      Did not match:
         - @ConditionalOnClass did not find required class 'org.springframework.security.oauth2.client.web.OAuth2AuthorizedClientRepository' (OnClassCondition)

   OAuth2ResourceServerAutoConfiguration:
      Did not match:
         - @ConditionalOnClass did not find required class 'org.springframework.security.oauth2.server.resource.authentication.BearerTokenAuthenticationToken' (OnClassCondition)

   ProjectInfoAutoConfiguration#buildProperties:
      Did not match:
         - @ConditionalOnResource did not find resource '${spring.info.build.location:classpath:META-INF/build-info.properties}' (OnResourceCondition)

   ProjectInfoAutoConfiguration#gitProperties:
      Did not match:
         - GitResource did not find git info at classpath:git.properties (ProjectInfoAutoConfiguration.GitResourceAvailableCondition)

   PulsarAutoConfiguration:
      Did not match:
         - @ConditionalOnClass did not find required class 'org.apache.pulsar.client.api.PulsarClient' (OnClassCondition)

   PulsarReactiveAutoConfiguration:
      Did not match:
         - @ConditionalOnClass did not find required class 'org.apache.pulsar.client.api.PulsarClient' (OnClassCondition)

   QuartzAutoConfiguration:
      Did not match:
         - @ConditionalOnClass did not find required class 'org.quartz.Scheduler' (OnClassCondition)

   R2dbcAutoConfiguration:
      Did not match:
         - @ConditionalOnClass did not find required class 'io.r2dbc.spi.ConnectionFactory' (OnClassCondition)

   R2dbcDataAutoConfiguration:
      Did not match:
         - @ConditionalOnClass did not find required class 'org.springframework.data.r2dbc.core.R2dbcEntityTemplate' (OnClassCondition)

   R2dbcProxyAutoConfiguration:
      Did not match:
         - @ConditionalOnClass did not find required class 'io.r2dbc.proxy.ProxyConnectionFactory' (OnClassCondition)

   R2dbcRepositoriesAutoConfiguration:
      Did not match:
         - @ConditionalOnClass did not find required class 'io.r2dbc.spi.ConnectionFactory' (OnClassCondition)

   R2dbcTransactionManagerAutoConfiguration:
      Did not match:
         - @ConditionalOnClass did not find required class 'org.springframework.r2dbc.connection.R2dbcTransactionManager' (OnClassCondition)

   RSocketGraphQlClientAutoConfiguration:
      Did not match:
         - @ConditionalOnClass did not find required class 'graphql.GraphQL' (OnClassCondition)

   RSocketMessagingAutoConfiguration:
      Did not match:
         - @ConditionalOnClass did not find required class 'io.rsocket.RSocket' (OnClassCondition)

   RSocketRequesterAutoConfiguration:
      Did not match:
         - @ConditionalOnClass did not find required class 'io.rsocket.RSocket' (OnClassCondition)

   RSocketSecurityAutoConfiguration:
      Did not match:
         - @ConditionalOnClass did not find required class 'org.springframework.security.rsocket.core.SecuritySocketAcceptorInterceptor' (OnClassCondition)

   RSocketServerAutoConfiguration:
      Did not match:
         - @ConditionalOnClass did not find required class 'io.rsocket.core.RSocketServer' (OnClassCondition)

   RSocketStrategiesAutoConfiguration:
      Did not match:
         - @ConditionalOnClass did not find required class 'io.netty.buffer.PooledByteBufAllocator' (OnClassCondition)

   RabbitAutoConfiguration:
      Did not match:
         - @ConditionalOnClass did not find required class 'com.rabbitmq.client.Channel' (OnClassCondition)

   ReactiveElasticsearchClientAutoConfiguration:
      Did not match:
         - @ConditionalOnClass did not find required class 'co.elastic.clients.transport.ElasticsearchTransport' (OnClassCondition)

   ReactiveElasticsearchRepositoriesAutoConfiguration:
      Did not match:
         - @ConditionalOnClass did not find required class 'reactor.core.publisher.Mono' (OnClassCondition)

   ReactiveMultipartAutoConfiguration:
      Did not match:
         - @ConditionalOnClass did not find required class 'org.springframework.web.reactive.config.WebFluxConfigurer' (OnClassCondition)

   ReactiveOAuth2ClientAutoConfiguration:
      Did not match:
         - @ConditionalOnClass did not find required class 'reactor.core.publisher.Flux' (OnClassCondition)

   ReactiveOAuth2ClientWebSecurityAutoConfiguration:
      Did not match:
         - @ConditionalOnClass did not find required class 'reactor.core.publisher.Flux' (OnClassCondition)

   ReactiveOAuth2ResourceServerAutoConfiguration:
      Did not match:
         - @ConditionalOnWebApplication did not find reactive web application classes (OnWebApplicationCondition)

   ReactiveSecurityAutoConfiguration:
      Did not match:
         - @ConditionalOnClass did not find required class 'reactor.core.publisher.Flux' (OnClassCondition)

   ReactiveUserDetailsServiceAutoConfiguration:
      Did not match:
         - AnyNestedCondition 0 matched 2 did not; NestedCondition on ReactiveUserDetailsServiceAutoConfiguration.RSocketEnabledOrReactiveWebApplication.ReactiveWebApplicationCondition did not find reactive web application classes; NestedCondition on ReactiveUserDetailsServiceAutoConfiguration.RSocketEnabledOrReactiveWebApplication.RSocketSecurityEnabledCondition @ConditionalOnBean (types: org.springframework.messaging.rsocket.annotation.support.RSocketMessageHandler; SearchStrategy: all) did not find any beans of type org.springframework.messaging.rsocket.annotation.support.RSocketMessageHandler (ReactiveUserDetailsServiceAutoConfiguration.RSocketEnabledOrReactiveWebApplication)
      Matched:
         - @ConditionalOnClass found required class 'org.springframework.security.authentication.ReactiveAuthenticationManager' (OnClassCondition)
[...]
2026-05-27T16:14:44.039+09:00 DEBUG 4448 --- [           main] org.hibernate.SQL                        : select m1_0.fragrance_recipe_id,m1_0.id,m1_0.amount,m1_0.blend_ratio,m1_0.created_at,m1_0.deleted_at,m1_0.display_order,m1_0.inventory_item_id,m1_0.material_name_snapshot,m1_0.updated_at from fragrance_recipe_materials m1_0 where m1_0.fragrance_recipe_id=?
2026-05-27T16:14:44.039+09:00 DEBUG 4448 --- [           main] org.hibernate.SQL                        : insert into fragrance_recipe_materials (amount,blend_ratio,created_at,deleted_at,display_order,fragrance_recipe_id,inventory_item_id,material_name_snapshot,updated_at,id) values (?,?,?,?,?,?,?,?,?,default)
2026-05-27T16:14:44.039+09:00 DEBUG 4448 --- [           main] org.hibernate.SQL                        : insert into fragrance_recipe_materials (amount,blend_ratio,created_at,deleted_at,display_order,fragrance_recipe_id,inventory_item_id,material_name_snapshot,updated_at,id) values (?,?,?,?,?,?,?,?,?,default)
2026-05-27T16:14:44.039+09:00 DEBUG 4448 --- [           main] org.hibernate.SQL                        : select au1_0.id,au1_0.is_active,au1_0.created_at,au1_0.deleted_at,au1_0.display_language,au1_0.name,au1_0.email,au1_0.login_id,au1_0.notification_setting,au1_0.password_hash,au1_0.role,au1_0.updated_at from admin_users au1_0 where au1_0.login_id=? and au1_0.deleted_at is null and au1_0.is_active
2026-05-27T16:14:44.039+09:00 DEBUG 4448 --- [           main] org.hibernate.SQL                        : insert into audit_logs (action_type,admin_user_id,created_at,deleted_at,description,target_id,target_table,updated_at,id) values (?,?,?,?,?,?,?,?,default)
2026-05-27T16:14:44.039+09:00 DEBUG 4448 --- [           main] org.hibernate.SQL                        : update fragrance_recipes set concept_note=?,customer_id=?,deleted_at=?,memo=?,recipe_name=?,total_amount=?,updated_at=? where id=?
2026-05-27T16:14:44.055+09:00 DEBUG 4448 --- [           main] o.s.web.servlet.view.RedirectView        : View name [redirect:], model {}
2026-05-27T16:14:44.057+09:00 DEBUG 4448 --- [           main] org.hibernate.SQL                        : select fr1_0.id,fr1_0.concept_note,fr1_0.created_at,fr1_0.customer_id,fr1_0.deleted_at,fr1_0.memo,fr1_0.recipe_name,fr1_0.total_amount,fr1_0.updated_at from fragrance_recipes fr1_0 where fr1_0.id=? and fr1_0.deleted_at is null
2026-05-27T16:14:44.059+09:00 DEBUG 4448 --- [           main] org.hibernate.SQL                        : select frm1_0.id,frm1_0.amount,frm1_0.blend_ratio,frm1_0.created_at,frm1_0.deleted_at,frm1_0.display_order,frm1_0.fragrance_recipe_id,frm1_0.inventory_item_id,frm1_0.material_name_snapshot,frm1_0.updated_at from fragrance_recipe_materials frm1_0 left join fragrance_recipes fr1_0 on fr1_0.id=frm1_0.fragrance_recipe_id where fr1_0.id=? order by frm1_0.display_order
2026-05-27T16:14:44.061+09:00 DEBUG 4448 --- [           main] s.w.s.m.m.a.RequestMappingHandlerMapping : Mapped to com.aromatripnippon.controller.ManagementController#recipeCreate(FragranceRecipe, Long, List, List, Principal, RedirectAttributes)
2026-05-27T16:14:44.061+09:00 DEBUG 4448 --- [           main] org.hibernate.SQL                        : select c1_0.id,c1_0.created_at,c1_0.deleted_at,c1_0.email,c1_0.name,c1_0.nationality,c1_0.note,c1_0.phone,c1_0.preferred_language,c1_0.purpose,c1_0.updated_at from customers c1_0 where c1_0.id=?
2026-05-27T16:14:44.061+09:00 DEBUG 4448 --- [           main] org.hibernate.SQL                        : select ii1_0.id,ii1_0.category,ii1_0.created_at,ii1_0.deleted_at,ii1_0.english_name,ii1_0.item_name,ii1_0.last_stocked_date,ii1_0.memo,ii1_0.stock_quantity,ii1_0.storage_location,ii1_0.supplier,ii1_0.threshold_quantity,ii1_0.unit,ii1_0.updated_at from inventory_items ii1_0 where ii1_0.id=?
2026-05-27T16:14:44.061+09:00 DEBUG 4448 --- [           main] org.hibernate.SQL                        : select ii1_0.id,ii1_0.category,ii1_0.created_at,ii1_0.deleted_at,ii1_0.english_name,ii1_0.item_name,ii1_0.last_stocked_date,ii1_0.memo,ii1_0.stock_quantity,ii1_0.storage_location,ii1_0.supplier,ii1_0.threshold_quantity,ii1_0.unit,ii1_0.updated_at from inventory_items ii1_0 where ii1_0.id=?
2026-05-27T16:14:44.061+09:00 DEBUG 4448 --- [           main] org.hibernate.SQL                        : select ii1_0.id,ii1_0.category,ii1_0.created_at,ii1_0.deleted_at,ii1_0.english_name,ii1_0.item_name,ii1_0.last_stocked_date,ii1_0.memo,ii1_0.stock_quantity,ii1_0.storage_location,ii1_0.supplier,ii1_0.threshold_quantity,ii1_0.unit,ii1_0.updated_at from inventory_items ii1_0 where ii1_0.id=?
2026-05-27T16:14:44.061+09:00 DEBUG 4448 --- [           main] org.hibernate.SQL                        : select ii1_0.id,ii1_0.category,ii1_0.created_at,ii1_0.deleted_at,ii1_0.english_name,ii1_0.item_name,ii1_0.last_stocked_date,ii1_0.memo,ii1_0.stock_quantity,ii1_0.storage_location,ii1_0.supplier,ii1_0.threshold_quantity,ii1_0.unit,ii1_0.updated_at from inventory_items ii1_0 where ii1_0.id=?
2026-05-27T16:14:44.061+09:00 DEBUG 4448 --- [           main] org.hibernate.SQL                        : select ii1_0.id,ii1_0.category,ii1_0.created_at,ii1_0.deleted_at,ii1_0.english_name,ii1_0.item_name,ii1_0.last_stocked_date,ii1_0.memo,ii1_0.stock_quantity,ii1_0.storage_location,ii1_0.supplier,ii1_0.threshold_quantity,ii1_0.unit,ii1_0.updated_at from inventory_items ii1_0 where ii1_0.id=?
2026-05-27T16:14:44.061+09:00 DEBUG 4448 --- [           main] org.hibernate.SQL                        : insert into fragrance_recipes (concept_note,created_at,customer_id,deleted_at,memo,recipe_name,total_amount,updated_at,id) values (?,?,?,?,?,?,?,?,default)
2026-05-27T16:14:44.071+09:00 DEBUG 4448 --- [           main] org.hibernate.SQL                        : insert into fragrance_recipe_materials (amount,blend_ratio,created_at,deleted_at,display_order,fragrance_recipe_id,inventory_item_id,material_name_snapshot,updated_at,id) values (?,?,?,?,?,?,?,?,?,default)
2026-05-27T16:14:44.073+09:00 DEBUG 4448 --- [           main] org.hibernate.SQL                        : insert into fragrance_recipe_materials (amount,blend_ratio,created_at,deleted_at,display_order,fragrance_recipe_id,inventory_item_id,material_name_snapshot,updated_at,id) values (?,?,?,?,?,?,?,?,?,default)
2026-05-27T16:14:44.073+09:00 DEBUG 4448 --- [           main] org.hibernate.SQL                        : insert into fragrance_recipe_materials (amount,blend_ratio,created_at,deleted_at,display_order,fragrance_recipe_id,inventory_item_id,material_name_snapshot,updated_at,id) values (?,?,?,?,?,?,?,?,?,default)
2026-05-27T16:14:44.073+09:00 DEBUG 4448 --- [           main] org.hibernate.SQL                        : insert into fragrance_recipe_materials (amount,blend_ratio,created_at,deleted_at,display_order,fragrance_recipe_id,inventory_item_id,material_name_snapshot,updated_at,id) values (?,?,?,?,?,?,?,?,?,default)
2026-05-27T16:14:44.077+09:00 DEBUG 4448 --- [           main] org.hibernate.SQL                        : insert into fragrance_recipe_materials (amount,blend_ratio,created_at,deleted_at,display_order,fragrance_recipe_id,inventory_item_id,material_name_snapshot,updated_at,id) values (?,?,?,?,?,?,?,?,?,default)
2026-05-27T16:14:44.079+09:00 DEBUG 4448 --- [           main] org.hibernate.SQL                        : select au1_0.id,au1_0.is_active,au1_0.created_at,au1_0.deleted_at,au1_0.display_language,au1_0.name,au1_0.email,au1_0.login_id,au1_0.notification_setting,au1_0.password_hash,au1_0.role,au1_0.updated_at from admin_users au1_0 where au1_0.login_id=? and au1_0.deleted_at is null and au1_0.is_active
2026-05-27T16:14:44.079+09:00 DEBUG 4448 --- [           main] org.hibernate.SQL                        : insert into audit_logs (action_type,admin_user_id,created_at,deleted_at,description,target_id,target_table,updated_at,id) values (?,?,?,?,?,?,?,?,default)
2026-05-27T16:14:44.081+09:00 DEBUG 4448 --- [           main] o.s.web.servlet.view.RedirectView        : View name [redirect:], model {}
2026-05-27T16:14:44.083+09:00 DEBUG 4448 --- [           main] org.hibernate.SQL                        : select fr1_0.id,fr1_0.concept_note,fr1_0.created_at,fr1_0.customer_id,c1_0.id,c1_0.created_at,c1_0.deleted_at,c1_0.email,c1_0.name,c1_0.nationality,c1_0.note,c1_0.phone,c1_0.preferred_language,c1_0.purpose,c1_0.updated_at,fr1_0.deleted_at,fr1_0.memo,fr1_0.recipe_name,fr1_0.total_amount,fr1_0.updated_at from fragrance_recipes fr1_0 join customers c1_0 on c1_0.id=fr1_0.customer_id where fr1_0.deleted_at is null and upper(fr1_0.recipe_name) like upper(?) escape '\' order by fr1_0.id desc
2026-05-27T16:14:44.093+09:00 DEBUG 4448 --- [           main] org.hibernate.SQL                        : select frm1_0.id,frm1_0.amount,frm1_0.blend_ratio,frm1_0.created_at,frm1_0.deleted_at,frm1_0.display_order,frm1_0.fragrance_recipe_id,frm1_0.inventory_item_id,frm1_0.material_name_snapshot,frm1_0.updated_at from fragrance_recipe_materials frm1_0 left join fragrance_recipes fr1_0 on fr1_0.id=frm1_0.fragrance_recipe_id where fr1_0.id=? order by frm1_0.display_order
2026-05-27T16:14:44.097+09:00 DEBUG 4448 --- [           main] s.w.s.m.m.a.RequestMappingHandlerMapping : Mapped to com.aromatripnippon.controller.ManagementController#inventoryUpdate(Long, InventoryItem, Principal)
2026-05-27T16:14:44.101+09:00 DEBUG 4448 --- [           main] org.hibernate.SQL                        : select ii1_0.id,ii1_0.category,ii1_0.created_at,ii1_0.deleted_at,ii1_0.english_name,ii1_0.item_name,ii1_0.last_stocked_date,ii1_0.memo,ii1_0.stock_quantity,ii1_0.storage_location,ii1_0.supplier,ii1_0.threshold_quantity,ii1_0.unit,ii1_0.updated_at from inventory_items ii1_0 where ii1_0.id=?
2026-05-27T16:14:44.104+09:00 DEBUG 4448 --- [           main] org.hibernate.SQL                        : select pc1_0.id,pc1_0.is_active,pc1_0.category_name,pc1_0.created_at,pc1_0.deleted_at,pc1_0.display_order,pc1_0.updated_at from product_categories pc1_0 where pc1_0.category_name=? and pc1_0.deleted_at is null
2026-05-27T16:14:44.107+09:00 DEBUG 4448 --- [           main] org.hibernate.SQL                        : select pc1_0.id,pc1_0.is_active,pc1_0.category_name,pc1_0.created_at,pc1_0.deleted_at,pc1_0.display_order,pc1_0.updated_at from product_categories pc1_0 where pc1_0.category_name=? and pc1_0.deleted_at is null
2026-05-27T16:14:44.110+09:00 DEBUG 4448 --- [           main] org.hibernate.SQL                        : select p1_0.id,p1_0.is_active,p1_0.category_id,c1_0.id,c1_0.is_active,c1_0.category_name,c1_0.created_at,c1_0.deleted_at,c1_0.display_order,c1_0.updated_at,p1_0.created_at,p1_0.deleted_at,p1_0.description,p1_0.english_name,p1_0.price,p1_0.product_name,p1_0.updated_at from products p1_0 join product_categories c1_0 on c1_0.id=p1_0.category_id where p1_0.id=? and p1_0.deleted_at is null
2026-05-27T16:14:44.110+09:00 DEBUG 4448 --- [           main] org.hibernate.SQL                        : insert into products (is_active,category_id,created_at,deleted_at,description,english_name,price,product_name,updated_at,id) values (?,?,?,?,?,?,?,?,?,default)
2026-05-27T16:14:44.110+09:00 DEBUG 4448 --- [           main] org.hibernate.SQL                        : select au1_0.id,au1_0.is_active,au1_0.created_at,au1_0.deleted_at,au1_0.display_language,au1_0.name,au1_0.email,au1_0.login_id,au1_0.notification_setting,au1_0.password_hash,au1_0.role,au1_0.updated_at from admin_users au1_0 where au1_0.login_id=? and au1_0.deleted_at is null and au1_0.is_active
2026-05-27T16:14:44.110+09:00 DEBUG 4448 --- [           main] org.hibernate.SQL                        : insert into audit_logs (action_type,admin_user_id,created_at,deleted_at,description,target_id,target_table,updated_at,id) values (?,?,?,?,?,?,?,?,default)
2026-05-27T16:14:44.110+09:00 DEBUG 4448 --- [           main] org.hibernate.SQL                        : update inventory_items set category=?,deleted_at=?,english_name=?,item_name=?,last_stocked_date=?,memo=?,stock_quantity=?,storage_location=?,supplier=?,threshold_quantity=?,unit=?,updated_at=? where id=?
2026-05-27T16:14:44.110+09:00 DEBUG 4448 --- [           main] o.s.web.servlet.view.RedirectView        : View name [redirect:], model {}
2026-05-27T16:14:44.110+09:00 DEBUG 4448 --- [           main] org.hibernate.SQL                        : select ii1_0.id,ii1_0.category,ii1_0.created_at,ii1_0.deleted_at,ii1_0.english_name,ii1_0.item_name,ii1_0.last_stocked_date,ii1_0.memo,ii1_0.stock_quantity,ii1_0.storage_location,ii1_0.supplier,ii1_0.threshold_quantity,ii1_0.unit,ii1_0.updated_at from inventory_items ii1_0 where ii1_0.id=? and ii1_0.deleted_at is null
2026-05-27T16:14:44.124+09:00 DEBUG 4448 --- [           main] s.w.s.m.m.a.RequestMappingHandlerMapping : Mapped to com.aromatripnippon.controller.ManagementController#inventoryTransaction(Long, String, BigDecimal, String, Principal)
2026-05-27T16:14:44.126+09:00 DEBUG 4448 --- [           main] org.hibernate.SQL                        : select ii1_0.id,ii1_0.category,ii1_0.created_at,ii1_0.deleted_at,ii1_0.english_name,ii1_0.item_name,ii1_0.last_stocked_date,ii1_0.memo,ii1_0.stock_quantity,ii1_0.storage_location,ii1_0.supplier,ii1_0.threshold_quantity,ii1_0.unit,ii1_0.updated_at from inventory_items ii1_0 where ii1_0.id=?
2026-05-27T16:14:44.130+09:00 DEBUG 4448 --- [           main] org.hibernate.SQL                        : insert into inventory_transactions (created_by,created_at,deleted_at,inventory_item_id,quantity,reason,transaction_date,transaction_type,updated_at,id) values (?,?,?,?,?,?,?,?,?,default)
2026-05-27T16:14:44.130+09:00 DEBUG 4448 --- [           main] org.hibernate.SQL                        : select ii1_0.id,ii1_0.category,ii1_0.created_at,ii1_0.deleted_at,ii1_0.english_name,ii1_0.item_name,ii1_0.last_stocked_date,ii1_0.memo,ii1_0.stock_quantity,ii1_0.storage_location,ii1_0.supplier,ii1_0.threshold_quantity,ii1_0.unit,ii1_0.updated_at from inventory_items ii1_0 where ii1_0.id=?
2026-05-27T16:14:44.130+09:00 DEBUG 4448 --- [           main] org.hibernate.SQL                        : update inventory_items set category=?,deleted_at=?,english_name=?,item_name=?,last_stocked_date=?,memo=?,stock_quantity=?,storage_location=?,supplier=?,threshold_quantity=?,unit=?,updated_at=? where id=?
2026-05-27T16:14:44.130+09:00 DEBUG 4448 --- [           main] org.hibernate.SQL                        : select au1_0.id,au1_0.is_active,au1_0.created_at,au1_0.deleted_at,au1_0.display_language,au1_0.name,au1_0.email,au1_0.login_id,au1_0.notification_setting,au1_0.password_hash,au1_0.role,au1_0.updated_at from admin_users au1_0 where au1_0.login_id=? and au1_0.deleted_at is null and au1_0.is_active
2026-05-27T16:14:44.130+09:00 DEBUG 4448 --- [           main] org.hibernate.SQL                        : insert into audit_logs (action_type,admin_user_id,created_at,deleted_at,description,target_id,target_table,updated_at,id) values (?,?,?,?,?,?,?,?,default)
2026-05-27T16:14:44.140+09:00 DEBUG 4448 --- [           main] o.s.web.servlet.view.RedirectView        : View name [redirect:], model {}
2026-05-27T16:14:44.142+09:00 DEBUG 4448 --- [           main] org.hibernate.SQL                        : select it1_0.id,it1_0.created_by,it1_0.created_at,it1_0.deleted_at,it1_0.inventory_item_id,it1_0.quantity,it1_0.reason,it1_0.transaction_date,it1_0.transaction_type,it1_0.updated_at from inventory_transactions it1_0 left join inventory_items ii1_0 on ii1_0.id=it1_0.inventory_item_id where it1_0.deleted_at is null and ii1_0.id=? order by it1_0.transaction_date desc,it1_0.id desc
2026-05-27T16:14:44.145+09:00 DEBUG 4448 --- [           main] org.hibernate.SQL                        : select pc1_0.id,pc1_0.is_active,pc1_0.category_name,pc1_0.created_at,pc1_0.deleted_at,pc1_0.display_order,pc1_0.updated_at from product_categories pc1_0 where pc1_0.category_name=? and pc1_0.deleted_at is null
2026-05-27T16:14:44.146+09:00 DEBUG 4448 --- [           main] org.hibernate.SQL                        : insert into products (is_active,category_id,created_at,deleted_at,description,english_name,price,product_name,updated_at,id) values (?,?,?,?,?,?,?,?,?,default)
2026-05-27T16:14:44.149+09:00 DEBUG 4448 --- [           main] org.hibernate.SQL                        : select pc1_0.id,pc1_0.is_active,pc1_0.category_name,pc1_0.created_at,pc1_0.deleted_at,pc1_0.display_order,pc1_0.updated_at from product_categories pc1_0 where pc1_0.category_name=? and pc1_0.deleted_at is null
2026-05-27T16:14:44.151+09:00 DEBUG 4448 --- [           main] s.w.s.m.m.a.RequestMappingHandlerMapping : Mapped to com.aromatripnippon.controller.ManagementController#productUpdate(Long, Product, Long, Principal)
2026-05-27T16:14:44.152+09:00 DEBUG 4448 --- [           main] org.hibernate.SQL                        : select p1_0.id,p1_0.is_active,p1_0.category_id,p1_0.created_at,p1_0.deleted_at,p1_0.description,p1_0.english_name,p1_0.price,p1_0.product_name,p1_0.updated_at from products p1_0 where p1_0.id=?
2026-05-27T16:14:44.154+09:00 DEBUG 4448 --- [           main] org.hibernate.SQL                        : select pc1_0.id,pc1_0.is_active,pc1_0.category_name,pc1_0.created_at,pc1_0.deleted_at,pc1_0.display_order,pc1_0.updated_at from product_categories pc1_0 where pc1_0.id=?
2026-05-27T16:14:44.155+09:00 DEBUG 4448 --- [           main] org.hibernate.SQL                        : select ii1_0.id,ii1_0.category,ii1_0.created_at,ii1_0.deleted_at,ii1_0.english_name,ii1_0.item_name,ii1_0.last_stocked_date,ii1_0.memo,ii1_0.stock_quantity,ii1_0.storage_location,ii1_0.supplier,ii1_0.threshold_quantity,ii1_0.unit,ii1_0.updated_at from inventory_items ii1_0 where ii1_0.id=?
2026-05-27T16:14:44.158+09:00 DEBUG 4448 --- [           main] org.hibernate.SQL                        : select au1_0.id,au1_0.is_active,au1_0.created_at,au1_0.deleted_at,au1_0.display_language,au1_0.name,au1_0.email,au1_0.login_id,au1_0.notification_setting,au1_0.password_hash,au1_0.role,au1_0.updated_at from admin_users au1_0 where au1_0.login_id=? and au1_0.deleted_at is null and au1_0.is_active
2026-05-27T16:14:44.159+09:00 DEBUG 4448 --- [           main] org.hibernate.SQL                        : insert into audit_logs (action_type,admin_user_id,created_at,deleted_at,description,target_id,target_table,updated_at,id) values (?,?,?,?,?,?,?,?,default)
2026-05-27T16:14:44.160+09:00 DEBUG 4448 --- [           main] org.hibernate.SQL                        : update products set is_active=?,category_id=?,deleted_at=?,description=?,english_name=?,price=?,product_name=?,updated_at=? where id=?
2026-05-27T16:14:44.161+09:00 DEBUG 4448 --- [           main] org.hibernate.SQL                        : update inventory_items set category=?,deleted_at=?,english_name=?,item_name=?,last_stocked_date=?,memo=?,stock_quantity=?,storage_location=?,supplier=?,threshold_quantity=?,unit=?,updated_at=? where id=?
2026-05-27T16:14:44.162+09:00 DEBUG 4448 --- [           main] o.s.web.servlet.view.RedirectView        : View name [redirect:], model {}
2026-05-27T16:14:44.164+09:00 DEBUG 4448 --- [           main] org.hibernate.SQL                        : select p1_0.id,p1_0.is_active,p1_0.category_id,c1_0.id,c1_0.is_active,c1_0.category_name,c1_0.created_at,c1_0.deleted_at,c1_0.display_order,c1_0.updated_at,p1_0.created_at,p1_0.deleted_at,p1_0.description,p1_0.english_name,p1_0.price,p1_0.product_name,p1_0.updated_at from products p1_0 join product_categories c1_0 on c1_0.id=p1_0.category_id where p1_0.id=? and p1_0.deleted_at is null
2026-05-27T16:14:44.166+09:00 DEBUG 4448 --- [           main] org.hibernate.SQL                        : select p1_0.id,p1_0.is_active,p1_0.category_id,c1_0.id,c1_0.is_active,c1_0.category_name,c1_0.created_at,c1_0.deleted_at,c1_0.display_order,c1_0.updated_at,p1_0.created_at,p1_0.deleted_at,p1_0.description,p1_0.english_name,p1_0.price,p1_0.product_name,p1_0.updated_at from products p1_0 join product_categories c1_0 on c1_0.id=p1_0.category_id where p1_0.id=? and p1_0.deleted_at is null
]]></system-out>
  </testcase>
</testsuite>