<?xml version="1.0" encoding="UTF-8"?>
<testsuite xmlns:xsi="http://www.w3.org/2001/XMLSchema-instance" xsi:noNamespaceSchemaLocation="https://maven.apache.org/surefire/maven-surefire-plugin/xsd/surefire-test-report.xsd" version="3.0.2" name="com.aromatripnippon.service.ReservationServiceTest" time="0.833" tests="1" errors="0" skipped="0" failures="0" flakes="0">
  <properties>
[...]
</properties>
  <testcase name="createReservation_savesReservationAndCustomerRelation" classname="com.aromatripnippon.service.ReservationServiceTest" time="0.034">
    <system-out><![CDATA[2026-05-19T13:42:55.538+09:00 DEBUG 11112 --- [AromaTripNippon Phase1] [           main] b.t.a.o.j.DataJpaTestContextBootstrapper : Neither @ContextConfiguration nor @ContextHierarchy found for test class [ReservationServiceTest]: using SpringBootContextLoader
2026-05-19T13:42:55.540+09:00  INFO 11112 --- [AromaTripNippon Phase1] [           main] t.c.s.AnnotationConfigContextLoaderUtils : Could not detect default configuration classes for test class [com.aromatripnippon.service.ReservationServiceTest]: ReservationServiceTest does not declare any static, non-private, non-final, nested classes annotated with @Configuration.
2026-05-19T13:42:55.542+09:00 DEBUG 11112 --- [AromaTripNippon Phase1] [           main] b.t.a.o.j.DataJpaTestContextBootstrapper : Using ContextCustomizerFactory implementations for test class [ReservationServiceTest]: [ImportsContextCustomizerFactory, ExcludeFilterContextCustomizerFactory, HttpGraphQlTesterContextCustomizerFactory, DuplicateJsonObjectContextCustomizerFactory, MockitoContextCustomizerFactory, TestRestTemplateContextCustomizerFactory, WebTestClientContextCustomizerFactory, DisableReactorResourceFactoryGlobalResourcesContextCustomizerFactory, OnFailureConditionReportContextCustomizerFactory, OverrideAutoConfigurationContextCustomizerFactory, ObservabilityContextCustomizerFactory, TypeExcludeFiltersContextCustomizerFactory, PropertyMappingContextCustomizerFactory, WebDriverContextCustomizerFactory, BeanOverrideContextCustomizerFactory, MockServerContainerContextCustomizerFactory, DynamicPropertiesContextCustomizerFactory]
2026-05-19T13:42:55.574+09:00 DEBUG 11112 --- [AromaTripNippon Phase1] [           main] b.t.a.o.j.DataJpaTestContextBootstrapper : Using ContextCustomizers for test class [ReservationServiceTest]: [ImportsContextCustomizer, ExcludeFilterContextCustomizer, DuplicateJsonObjectContextCustomizer, MockitoContextCustomizer, DisableReactorResourceFactoryGlobalResourcesContextCustomizerCustomizer, OnFailureConditionReportContextCustomizer, DisableAutoConfigurationContextCustomizer, DisableObservabilityContextCustomizer, TypeExcludeFiltersContextCustomizer, PropertyMappingContextCustomizer, WebDriverContextCustomizer, DynamicPropertiesContextCustomizer]
2026-05-19T13:42:55.575+09:00  INFO 11112 --- [AromaTripNippon Phase1] [           main] .b.t.c.SpringBootTestContextBootstrapper : Found @SpringBootConfiguration com.aromatripnippon.AromaTripNipponApplication for test class com.aromatripnippon.service.ReservationServiceTest
2026-05-19T13:42:55.577+09:00 DEBUG 11112 --- [AromaTripNippon Phase1] [           main] b.t.a.o.j.DataJpaTestContextBootstrapper : Using TestExecutionListeners for test class [ReservationServiceTest]: [ServletTestExecutionListener, DirtiesContextBeforeModesTestExecutionListener, ApplicationEventsTestExecutionListener, MockitoTestExecutionListener, BeanOverrideTestExecutionListener, DependencyInjectionTestExecutionListener, DirtiesContextTestExecutionListener, CommonCachesTestExecutionListener, TransactionalTestExecutionListener, SqlScriptsTestExecutionListener, EventPublishingTestExecutionListener, WithSecurityContextTestExecutionListener, ReactorContextTestExecutionListener, ResetMocksTestExecutionListener, RestDocsTestExecutionListener, MockRestServiceServerResetTestExecutionListener, MockMvcPrintOnlyOnFailureTestExecutionListener, WebDriverTestExecutionListener, MockWebServiceServerTestExecutionListener, MockitoResetTestExecutionListener]
2026-05-19T13:42:55.602+09:00 DEBUG 11112 --- [AromaTripNippon Phase1] [           main] o.s.boot.ApplicationEnvironment          : Activating profiles []

  .   ____          _            __ _ _
 /\\ / ___'_ __ _ _(_)_ __  __ _ \ \ \ \
( ( )\___ | '_ | '_| | '_ \/ _` | \ \ \ \
 \\/  ___)| |_)| | | | | || (_| |  ) ) ) )
  '  |____| .__|_| |_|_| |_\__, | / / / /
 =========|_|==============|___/=/_/_/_/

 :: Spring Boot ::               (v3.5.13)

2026-05-19T13:42:55.611+09:00  INFO 11112 --- [AromaTripNippon Phase1] [           main] c.a.service.ReservationServiceTest       : Starting ReservationServiceTest using Java 17.0.18 with PID 11112 (started by academia in C:\academia\src\soweb-01\AromaTripNippon\main)
2026-05-19T13:42:55.611+09:00  INFO 11112 --- [AromaTripNippon Phase1] [           main] c.a.service.ReservationServiceTest       : No active profile set, falling back to 1 default profile: "default"
2026-05-19T13:42:55.611+09:00 DEBUG 11112 --- [AromaTripNippon Phase1] [           main] o.s.boot.SpringApplication               : Loading source class com.aromatripnippon.AromaTripNipponApplication
2026-05-19T13:42:55.747+09:00  INFO 11112 --- [AromaTripNippon Phase1] [           main] .s.d.r.c.RepositoryConfigurationDelegate : Bootstrapping Spring Data JPA repositories in DEFAULT mode.
2026-05-19T13:42:55.751+09:00 DEBUG 11112 --- [AromaTripNippon Phase1] [           main] o.s.b.a.AutoConfigurationPackages        : @EnableAutoConfiguration was declared on a class in the package 'com.aromatripnippon'. Automatic @Repository and @Entity scanning is enabled.
2026-05-19T13:42:55.789+09:00  INFO 11112 --- [AromaTripNippon Phase1] [           main] .s.d.r.c.RepositoryConfigurationDelegate : Finished Spring Data repository scanning in 39 ms. Found 11 JPA repository interfaces.
2026-05-19T13:42:55.812+09:00  INFO 11112 --- [AromaTripNippon Phase1] [           main] beddedDataSourceBeanFactoryPostProcessor : Replacing 'dataSource' DataSource bean with embedded version
2026-05-19T13:42:55.830+09:00  INFO 11112 --- [AromaTripNippon Phase1] [           main] o.s.j.d.e.EmbeddedDatabaseFactory        : Starting embedded database: url='jdbc:h2:mem:183e63a4-c583-4068-85e6-00481e065121;DB_CLOSE_DELAY=-1;DB_CLOSE_ON_EXIT=false', username='sa'
2026-05-19T13:42:55.857+09:00  INFO 11112 --- [AromaTripNippon Phase1] [           main] o.hibernate.jpa.internal.util.LogHelper  : HHH000204: Processing PersistenceUnitInfo [name: default]
2026-05-19T13:42:55.864+09:00  INFO 11112 --- [AromaTripNippon Phase1] [           main] o.h.c.internal.RegionFactoryInitiator    : HHH000026: Second-level cache disabled
2026-05-19T13:42:55.882+09:00  INFO 11112 --- [AromaTripNippon Phase1] [           main] o.s.o.j.p.SpringPersistenceUnitInfo      : No LoadTimeWeaver setup: ignoring JPA class transformer
2026-05-19T13:42:55.884+09:00  INFO 11112 --- [AromaTripNippon Phase1] [           main] org.hibernate.orm.connections.pooling    : HHH10001005: Database info:
	Database JDBC URL [Connecting through datasource 'org.springframework.jdbc.datasource.embedded.EmbeddedDatabaseFactory$EmbeddedDataSourceProxy@3b28695d']
	Database driver: undefined/unknown
	Database version: 2.3.232
	Autocommit mode: undefined/unknown
	Isolation level: undefined/unknown
	Minimum pool size: undefined/unknown
	Maximum pool size: undefined/unknown
2026-05-19T13:42:56.075+09:00  INFO 11112 --- [AromaTripNippon Phase1] [           main] o.h.e.t.j.p.i.JtaPlatformInitiator       : HHH000489: No JTA platform available (set 'hibernate.transaction.jta.platform' to enable JTA platform integration)
2026-05-19T13:42:56.077+09:00 DEBUG 11112 --- [AromaTripNippon Phase1] [           main] org.hibernate.SQL                        : create table admin_users (id bigint generated by default as identity, created_at timestamp(6) not null, deleted_at timestamp(6), updated_at timestamp(6) not null, is_active boolean, display_language varchar(255), name varchar(255) not null, email varchar(255), login_id varchar(255) not null, notification_setting varchar(255), password_hash varchar(255) not null, role varchar(255) not null, primary key (id))
Hibernate: create table admin_users (id bigint generated by default as identity, created_at timestamp(6) not null, deleted_at timestamp(6), updated_at timestamp(6) not null, is_active boolean, display_language varchar(255), name varchar(255) not null, email varchar(255), login_id varchar(255) not null, notification_setting varchar(255), password_hash varchar(255) not null, role varchar(255) not null, primary key (id))
2026-05-19T13:42:56.079+09:00 DEBUG 11112 --- [AromaTripNippon Phase1] [           main] org.hibernate.SQL                        : create table audit_logs (id bigint generated by default as identity, created_at timestamp(6) not null, deleted_at timestamp(6), updated_at timestamp(6) not null, action_type varchar(255), description varchar(1000), target_id bigint, target_table varchar(255), admin_user_id bigint, primary key (id))
Hibernate: create table audit_logs (id bigint generated by default as identity, created_at timestamp(6) not null, deleted_at timestamp(6), updated_at timestamp(6) not null, action_type varchar(255), description varchar(1000), target_id bigint, target_table varchar(255), admin_user_id bigint, primary key (id))
2026-05-19T13:42:56.081+09:00 DEBUG 11112 --- [AromaTripNippon Phase1] [           main] org.hibernate.SQL                        : create table customers (id bigint generated by default as identity, created_at timestamp(6) not null, deleted_at timestamp(6), updated_at timestamp(6) not null, email varchar(255) not null, name varchar(255) not null, nationality varchar(255), note varchar(1000), phone varchar(255), preferred_language varchar(255), purpose varchar(255), primary key (id))
Hibernate: create table customers (id bigint generated by default as identity, created_at timestamp(6) not null, deleted_at timestamp(6), updated_at timestamp(6) not null, email varchar(255) not null, name varchar(255) not null, nationality varchar(255), note varchar(1000), phone varchar(255), preferred_language varchar(255), purpose varchar(255), primary key (id))
2026-05-19T13:42:56.082+09:00 DEBUG 11112 --- [AromaTripNippon Phase1] [           main] org.hibernate.SQL                        : create table experience_programs (id bigint generated by default as identity, created_at timestamp(6) not null, deleted_at timestamp(6), updated_at timestamp(6) not null, is_active boolean, description varchar(1000), duration_minutes integer not null, material_summary varchar(1000), name varchar(255) not null, price numeric(38,2) not null, primary key (id))
Hibernate: create table experience_programs (id bigint generated by default as identity, created_at timestamp(6) not null, deleted_at timestamp(6), updated_at timestamp(6) not null, is_active boolean, description varchar(1000), duration_minutes integer not null, material_summary varchar(1000), name varchar(255) not null, price numeric(38,2) not null, primary key (id))
2026-05-19T13:42:56.083+09:00 DEBUG 11112 --- [AromaTripNippon Phase1] [           main] org.hibernate.SQL                        : create table fragrance_recipe_materials (id bigint generated by default as identity, created_at timestamp(6) not null, deleted_at timestamp(6), updated_at timestamp(6) not null, amount numeric(38,2) not null, blend_ratio numeric(38,2) not null, display_order integer, material_name_snapshot varchar(255), fragrance_recipe_id bigint not null, inventory_item_id bigint not null, primary key (id))
Hibernate: create table fragrance_recipe_materials (id bigint generated by default as identity, created_at timestamp(6) not null, deleted_at timestamp(6), updated_at timestamp(6) not null, amount numeric(38,2) not null, blend_ratio numeric(38,2) not null, display_order integer, material_name_snapshot varchar(255), fragrance_recipe_id bigint not null, inventory_item_id bigint not null, primary key (id))
2026-05-19T13:42:56.085+09:00 DEBUG 11112 --- [AromaTripNippon Phase1] [           main] org.hibernate.SQL                        : create table fragrance_recipes (id bigint generated by default as identity, created_at timestamp(6) not null, deleted_at timestamp(6), updated_at timestamp(6) not null, concept_note varchar(1000), memo varchar(1000), recipe_name varchar(255) not null, total_amount numeric(38,2), customer_id bigint not null, primary key (id))
Hibernate: create table fragrance_recipes (id bigint generated by default as identity, created_at timestamp(6) not null, deleted_at timestamp(6), updated_at timestamp(6) not null, concept_note varchar(1000), memo varchar(1000), recipe_name varchar(255) not null, total_amount numeric(38,2), customer_id bigint not null, primary key (id))
2026-05-19T13:42:56.086+09:00 DEBUG 11112 --- [AromaTripNippon Phase1] [           main] org.hibernate.SQL                        : create table inventory_items (id bigint generated by default as identity, created_at timestamp(6) not null, deleted_at timestamp(6), updated_at timestamp(6) not null, category varchar(255) not null, item_name varchar(255) not null, last_stocked_date date, memo varchar(1000), stock_quantity numeric(38,2) not null, storage_location varchar(255), supplier varchar(255), threshold_quantity numeric(38,2), unit varchar(255) not null, primary key (id))
Hibernate: create table inventory_items (id bigint generated by default as identity, created_at timestamp(6) not null, deleted_at timestamp(6), updated_at timestamp(6) not null, category varchar(255) not null, item_name varchar(255) not null, last_stocked_date date, memo varchar(1000), stock_quantity numeric(38,2) not null, storage_location varchar(255), supplier varchar(255), threshold_quantity numeric(38,2), unit varchar(255) not null, primary key (id))
2026-05-19T13:42:56.087+09:00 DEBUG 11112 --- [AromaTripNippon Phase1] [           main] org.hibernate.SQL                        : create table inventory_transactions (id bigint generated by default as identity, created_at timestamp(6) not null, deleted_at timestamp(6), updated_at timestamp(6) not null, quantity numeric(38,2) not null, reason varchar(1000), transaction_date date, transaction_type varchar(255) not null, created_by bigint, inventory_item_id bigint not null, primary key (id))
Hibernate: create table inventory_transactions (id bigint generated by default as identity, created_at timestamp(6) not null, deleted_at timestamp(6), updated_at timestamp(6) not null, quantity numeric(38,2) not null, reason varchar(1000), transaction_date date, transaction_type varchar(255) not null, created_by bigint, inventory_item_id bigint not null, primary key (id))
2026-05-19T13:42:56.089+09:00 DEBUG 11112 --- [AromaTripNippon Phase1] [           main] org.hibernate.SQL                        : create table product_categories (id bigint generated by default as identity, created_at timestamp(6) not null, deleted_at timestamp(6), updated_at timestamp(6) not null, is_active boolean, category_name varchar(255) not null, display_order integer not null, primary key (id))
Hibernate: create table product_categories (id bigint generated by default as identity, created_at timestamp(6) not null, deleted_at timestamp(6), updated_at timestamp(6) not null, is_active boolean, category_name varchar(255) not null, display_order integer not null, primary key (id))
2026-05-19T13:42:56.090+09:00 DEBUG 11112 --- [AromaTripNippon Phase1] [           main] org.hibernate.SQL                        : create table products (id bigint generated by default as identity, created_at timestamp(6) not null, deleted_at timestamp(6), updated_at timestamp(6) not null, is_active boolean, category varchar(255) not null, description varchar(1000), image_path varchar(255), price numeric(38,2) not null, product_name varchar(255) not null, inventory_item_id bigint, primary key (id))
Hibernate: create table products (id bigint generated by default as identity, created_at timestamp(6) not null, deleted_at timestamp(6), updated_at timestamp(6) not null, is_active boolean, category varchar(255) not null, description varchar(1000), image_path varchar(255), price numeric(38,2) not null, product_name varchar(255) not null, inventory_item_id bigint, primary key (id))
2026-05-19T13:42:56.092+09:00 DEBUG 11112 --- [AromaTripNippon Phase1] [           main] org.hibernate.SQL                        : create table reservations (id bigint generated by default as identity, created_at timestamp(6) not null, deleted_at timestamp(6), updated_at timestamp(6) not null, number_of_people integer not null check ((number_of_people<=4) and (number_of_people>=1)), preferred_language varchar(255), request_note varchar(1000), status varchar(255) not null, reservation_time varchar(255) not null, reservation_date date not null, customer_id bigint not null, experience_program_id bigint not null, primary key (id))
Hibernate: create table reservations (id bigint generated by default as identity, created_at timestamp(6) not null, deleted_at timestamp(6), updated_at timestamp(6) not null, number_of_people integer not null check ((number_of_people<=4) and (number_of_people>=1)), preferred_language varchar(255), request_note varchar(1000), status varchar(255) not null, reservation_time varchar(255) not null, reservation_date date not null, customer_id bigint not null, experience_program_id bigint not null, primary key (id))
2026-05-19T13:42:56.093+09:00 DEBUG 11112 --- [AromaTripNippon Phase1] [           main] org.hibernate.SQL                        : alter table if exists admin_users drop constraint if exists UKg8nogqswbisxi81p4ruapdq11
Hibernate: alter table if exists admin_users drop constraint if exists UKg8nogqswbisxi81p4ruapdq11
2026-05-19T13:42:56.093+09:00 DEBUG 11112 --- [AromaTripNippon Phase1] [           main] org.hibernate.SQL                        : alter table if exists admin_users add constraint UKg8nogqswbisxi81p4ruapdq11 unique (login_id)
Hibernate: alter table if exists admin_users add constraint UKg8nogqswbisxi81p4ruapdq11 unique (login_id)
2026-05-19T13:42:56.094+09:00 DEBUG 11112 --- [AromaTripNippon Phase1] [           main] org.hibernate.SQL                        : alter table if exists product_categories drop constraint if exists UK8qke0hgn615tocrwf5gl0rcg
Hibernate: alter table if exists product_categories drop constraint if exists UK8qke0hgn615tocrwf5gl0rcg
2026-05-19T13:42:56.094+09:00 DEBUG 11112 --- [AromaTripNippon Phase1] [           main] org.hibernate.SQL                        : alter table if exists product_categories add constraint UK8qke0hgn615tocrwf5gl0rcg unique (category_name)
Hibernate: alter table if exists product_categories add constraint UK8qke0hgn615tocrwf5gl0rcg unique (category_name)
2026-05-19T13:42:56.095+09:00 DEBUG 11112 --- [AromaTripNippon Phase1] [           main] org.hibernate.SQL                        : alter table if exists audit_logs add constraint FKwvdgvoiqcq4yu52k5wnybxbd foreign key (admin_user_id) references admin_users
Hibernate: alter table if exists audit_logs add constraint FKwvdgvoiqcq4yu52k5wnybxbd foreign key (admin_user_id) references admin_users
2026-05-19T13:42:56.097+09:00 DEBUG 11112 --- [AromaTripNippon Phase1] [           main] org.hibernate.SQL                        : alter table if exists fragrance_recipe_materials add constraint FKojtptiarqkufc2mb34cp6x7gl foreign key (fragrance_recipe_id) references fragrance_recipes
Hibernate: alter table if exists fragrance_recipe_materials add constraint FKojtptiarqkufc2mb34cp6x7gl foreign key (fragrance_recipe_id) references fragrance_recipes
2026-05-19T13:42:56.100+09:00 DEBUG 11112 --- [AromaTripNippon Phase1] [           main] org.hibernate.SQL                        : alter table if exists fragrance_recipe_materials add constraint FKcn2sqvnb75m4jh5nj6v374r0l foreign key (inventory_item_id) references inventory_items
Hibernate: alter table if exists fragrance_recipe_materials add constraint FKcn2sqvnb75m4jh5nj6v374r0l foreign key (inventory_item_id) references inventory_items
2026-05-19T13:42:56.101+09:00 DEBUG 11112 --- [AromaTripNippon Phase1] [           main] org.hibernate.SQL                        : alter table if exists fragrance_recipes add constraint FKo5cw4t7kurleteb6h4cjm2jbb foreign key (customer_id) references customers
Hibernate: alter table if exists fragrance_recipes add constraint FKo5cw4t7kurleteb6h4cjm2jbb foreign key (customer_id) references customers
2026-05-19T13:42:56.103+09:00 DEBUG 11112 --- [AromaTripNippon Phase1] [           main] org.hibernate.SQL                        : alter table if exists inventory_transactions add constraint FKqlbgt0dbbsxhdkf6k8jwqhkup foreign key (created_by) references admin_users
Hibernate: alter table if exists inventory_transactions add constraint FKqlbgt0dbbsxhdkf6k8jwqhkup foreign key (created_by) references admin_users
2026-05-19T13:42:56.105+09:00 DEBUG 11112 --- [AromaTripNippon Phase1] [           main] org.hibernate.SQL                        : alter table if exists inventory_transactions add constraint FK540uvcs6ertd1k2pkpg2abvcs foreign key (inventory_item_id) references inventory_items
Hibernate: alter table if exists inventory_transactions add constraint FK540uvcs6ertd1k2pkpg2abvcs foreign key (inventory_item_id) references inventory_items
2026-05-19T13:42:56.106+09:00 DEBUG 11112 --- [AromaTripNippon Phase1] [           main] org.hibernate.SQL                        : alter table if exists products add constraint FK5u9vbactm63h16y9fj00t798f foreign key (inventory_item_id) references inventory_items
Hibernate: alter table if exists products add constraint FK5u9vbactm63h16y9fj00t798f foreign key (inventory_item_id) references inventory_items
2026-05-19T13:42:56.108+09:00 DEBUG 11112 --- [AromaTripNippon Phase1] [           main] org.hibernate.SQL                        : alter table if exists reservations add constraint FK8eccffekcj27jkdiyw2e9r8ks foreign key (customer_id) references customers
Hibernate: alter table if exists reservations add constraint FK8eccffekcj27jkdiyw2e9r8ks foreign key (customer_id) references customers
2026-05-19T13:42:56.109+09:00 DEBUG 11112 --- [AromaTripNippon Phase1] [           main] org.hibernate.SQL                        : alter table if exists reservations add constraint FKb4o7vv9k9cyn37hh609nsyxds foreign key (experience_program_id) references experience_programs
Hibernate: alter table if exists reservations add constraint FKb4o7vv9k9cyn37hh609nsyxds foreign key (experience_program_id) references experience_programs
2026-05-19T13:42:56.110+09:00  INFO 11112 --- [AromaTripNippon Phase1] [           main] j.LocalContainerEntityManagerFactoryBean : Initialized JPA EntityManagerFactory for persistence unit 'default'
2026-05-19T13:42:56.327+09:00 DEBUG 11112 --- [AromaTripNippon Phase1] [           main] .s.b.a.l.ConditionEvaluationReportLogger : 


============================
CONDITIONS EVALUATION REPORT
============================


Positive matches:
-----------------

   DataSourceAutoConfiguration matched:
      - @ConditionalOnClass found required classes 'javax.sql.DataSource', 'org.springframework.jdbc.datasource.embedded.EmbeddedDatabaseType' (OnClassCondition)
      - @ConditionalOnMissingBean (types: io.r2dbc.spi.ConnectionFactory; SearchStrategy: all) did not find any beans (OnBeanCondition)

   DataSourceAutoConfiguration.PooledDataSourceConfiguration matched:
      - AnyNestedCondition 1 matched 1 did not; NestedCondition on DataSourceAutoConfiguration.PooledDataSourceCondition.PooledDataSourceAvailable PooledDataSource found supported DataSource; NestedCondition on DataSourceAutoConfiguration.PooledDataSourceCondition.ExplicitType @ConditionalOnProperty (spring.datasource.type) did not find property 'spring.datasource.type' (DataSourceAutoConfiguration.PooledDataSourceCondition)
      - @ConditionalOnMissingBean (types: javax.sql.DataSource,javax.sql.XADataSource; SearchStrategy: all) did not find any beans (OnBeanCondition)

   DataSourceAutoConfiguration.PooledDataSourceConfiguration#jdbcConnectionDetails matched:
      - @ConditionalOnMissingBean (types: org.springframework.boot.autoconfigure.jdbc.JdbcConnectionDetails; SearchStrategy: all) did not find any beans (OnBeanCondition)

   DataSourceConfiguration.Hikari matched:
      - @ConditionalOnClass found required class 'com.zaxxer.hikari.HikariDataSource' (OnClassCondition)
      - @ConditionalOnProperty (spring.datasource.type=com.zaxxer.hikari.HikariDataSource) matched (OnPropertyCondition)
      - @ConditionalOnMissingBean (types: javax.sql.DataSource; SearchStrategy: all) did not find any beans (OnBeanCondition)

   DataSourceInitializationConfiguration matched:
      - @ConditionalOnClass found required class 'org.springframework.jdbc.datasource.init.DatabasePopulator' (OnClassCondition)
      - @ConditionalOnSingleCandidate (types: javax.sql.DataSource; SearchStrategy: all) found a single bean 'dataSource'; @ConditionalOnMissingBean (types: org.springframework.boot.autoconfigure.sql.init.SqlDataSourceScriptDatabaseInitializer,org.springframework.boot.autoconfigure.sql.init.SqlR2dbcScriptDatabaseInitializer; SearchStrategy: all) did not find any beans (OnBeanCondition)

   DataSourcePoolMetadataProvidersConfiguration.HikariPoolDataSourceMetadataProviderConfiguration matched:
      - @ConditionalOnClass found required class 'com.zaxxer.hikari.HikariDataSource' (OnClassCondition)

   DataSourceTransactionManagerAutoConfiguration matched:
      - @ConditionalOnClass found required classes 'javax.sql.DataSource', 'org.springframework.jdbc.core.JdbcTemplate', 'org.springframework.transaction.TransactionManager' (OnClassCondition)

   DataSourceTransactionManagerAutoConfiguration.JdbcTransactionManagerConfiguration matched:
      - @ConditionalOnSingleCandidate (types: javax.sql.DataSource; SearchStrategy: all) found a single bean 'dataSource' (OnBeanCondition)

   HibernateJpaAutoConfiguration matched:
      - @ConditionalOnClass found required classes 'org.springframework.orm.jpa.LocalContainerEntityManagerFactoryBean', 'jakarta.persistence.EntityManager', 'org.hibernate.engine.spi.SessionImplementor' (OnClassCondition)

   HibernateJpaConfiguration matched:
      - @ConditionalOnSingleCandidate (types: javax.sql.DataSource; SearchStrategy: all) found a single bean 'dataSource' (OnBeanCondition)

   JdbcClientAutoConfiguration matched:
      - @ConditionalOnSingleCandidate (types: org.springframework.jdbc.core.namedparam.NamedParameterJdbcTemplate; SearchStrategy: all) found a single bean 'namedParameterJdbcTemplate'; @ConditionalOnMissingBean (types: org.springframework.jdbc.core.simple.JdbcClient; SearchStrategy: all) did not find any beans (OnBeanCondition)

   JdbcTemplateAutoConfiguration matched:
      - @ConditionalOnClass found required classes 'javax.sql.DataSource', 'org.springframework.jdbc.core.JdbcTemplate' (OnClassCondition)
      - @ConditionalOnSingleCandidate (types: javax.sql.DataSource; SearchStrategy: all) found a single bean 'dataSource' (OnBeanCondition)

   JdbcTemplateConfiguration matched:
      - @ConditionalOnMissingBean (types: org.springframework.jdbc.core.JdbcOperations; SearchStrategy: all) did not find any beans (OnBeanCondition)

   JpaBaseConfiguration#entityManagerFactory matched:
      - @ConditionalOnMissingBean (types: org.springframework.orm.jpa.LocalContainerEntityManagerFactoryBean,jakarta.persistence.EntityManagerFactory; SearchStrategy: all) did not find any beans (OnBeanCondition)

   JpaBaseConfiguration#entityManagerFactoryBuilder matched:
      - @ConditionalOnMissingBean (types: org.springframework.boot.orm.jpa.EntityManagerFactoryBuilder; SearchStrategy: all) did not find any beans (OnBeanCondition)

   JpaBaseConfiguration#jpaVendorAdapter matched:
      - @ConditionalOnMissingBean (types: org.springframework.orm.jpa.JpaVendorAdapter; SearchStrategy: all) did not find any beans (OnBeanCondition)

   JpaBaseConfiguration#transactionManager matched:
      - @ConditionalOnMissingBean (types: org.springframework.transaction.TransactionManager; SearchStrategy: all) did not find any beans (OnBeanCondition)

   JpaBaseConfiguration.PersistenceManagedTypesConfiguration matched:
      - @ConditionalOnMissingBean (types: org.springframework.orm.jpa.LocalContainerEntityManagerFactoryBean,jakarta.persistence.EntityManagerFactory; SearchStrategy: all) did not find any beans (OnBeanCondition)

   JpaBaseConfiguration.PersistenceManagedTypesConfiguration#persistenceManagedTypes matched:
      - @ConditionalOnMissingBean (types: org.springframework.orm.jpa.persistenceunit.PersistenceManagedTypes; SearchStrategy: all) did not find any beans (OnBeanCondition)

   JpaRepositoriesAutoConfiguration matched:
      - @ConditionalOnClass found required class 'org.springframework.data.jpa.repository.JpaRepository' (OnClassCondition)
      - @ConditionalOnBooleanProperty (spring.data.jpa.repositories.enabled=true) matched (OnPropertyCondition)
      - @ConditionalOnBean (types: javax.sql.DataSource; SearchStrategy: all) found bean 'dataSource'; @ConditionalOnMissingBean (types: org.springframework.data.jpa.repository.support.JpaRepositoryFactoryBean,org.springframework.data.jpa.repository.config.JpaRepositoryConfigExtension; SearchStrategy: all) did not find any beans (OnBeanCondition)

   NamedParameterJdbcTemplateConfiguration matched:
      - @ConditionalOnSingleCandidate (types: org.springframework.jdbc.core.JdbcTemplate; SearchStrategy: all) found a single bean 'jdbcTemplate'; @ConditionalOnMissingBean (types: org.springframework.jdbc.core.namedparam.NamedParameterJdbcOperations; SearchStrategy: all) did not find any beans (OnBeanCondition)

   NoOpCacheConfiguration matched:
      - Cache org.springframework.boot.autoconfigure.cache.NoOpCacheConfiguration NONE cache type (CacheCondition)

   SqlInitializationAutoConfiguration matched:
      - @ConditionalOnBooleanProperty (spring.sql.init.enabled=true) matched (OnPropertyCondition)
      - NoneNestedConditions 0 matched 1 did not; NestedCondition on SqlInitializationAutoConfiguration.SqlInitializationModeCondition.ModeIsNever @ConditionalOnProperty (spring.sql.init.mode=never) did not find property 'spring.sql.init.mode' (SqlInitializationAutoConfiguration.SqlInitializationModeCondition)

   TestDatabaseAutoConfiguration#nonTestEmbeddedDataSourceBeanFactoryPostProcessor matched:
      - @ConditionalOnProperty (spring.test.database.replace=NON_TEST) matched (OnPropertyCondition)

   TestEntityManagerAutoConfiguration matched:
      - @ConditionalOnClass found required class 'jakarta.persistence.EntityManagerFactory' (OnClassCondition)

   TestEntityManagerAutoConfiguration#testEntityManager matched:
      - @ConditionalOnMissingBean (types: org.springframework.boot.test.autoconfigure.orm.jpa.TestEntityManager; SearchStrategy: all) did not find any beans (OnBeanCondition)

   TransactionAutoConfiguration matched:
      - @ConditionalOnClass found required class 'org.springframework.transaction.PlatformTransactionManager' (OnClassCondition)

   TransactionAutoConfiguration.EnableTransactionManagementConfiguration matched:
      - @ConditionalOnBean (types: org.springframework.transaction.TransactionManager; SearchStrategy: all) found bean 'transactionManager'; @ConditionalOnMissingBean (types: org.springframework.transaction.annotation.AbstractTransactionManagementConfiguration; SearchStrategy: all) did not find any beans (OnBeanCondition)

   TransactionAutoConfiguration.EnableTransactionManagementConfiguration.CglibAutoProxyConfiguration matched:
      - @ConditionalOnBooleanProperty (spring.aop.proxy-target-class=true) matched (OnPropertyCondition)

   TransactionAutoConfiguration.TransactionTemplateConfiguration matched:
      - @ConditionalOnSingleCandidate (types: org.springframework.transaction.PlatformTransactionManager; SearchStrategy: all) found a single bean 'transactionManager' (OnBeanCondition)

   TransactionAutoConfiguration.TransactionTemplateConfiguration#transactionTemplate matched:
      - @ConditionalOnMissingBean (types: org.springframework.transaction.support.TransactionOperations; SearchStrategy: all) did not find any beans (OnBeanCondition)

   TransactionManagerCustomizationAutoConfiguration matched:
      - @ConditionalOnClass found required class 'org.springframework.transaction.PlatformTransactionManager' (OnClassCondition)

   TransactionManagerCustomizationAutoConfiguration#platformTransactionManagerCustomizers matched:
      - @ConditionalOnMissingBean (types: org.springframework.boot.autoconfigure.transaction.TransactionManagerCustomizers; SearchStrategy: all) did not find any beans (OnBeanCondition)


Negative matches:
-----------------

   Cache2kCacheConfiguration:
      Did not match:
         - @ConditionalOnClass did not find required class 'org.cache2k.Cache2kBuilder' (OnClassCondition)

   CacheAutoConfiguration:
      Did not match:
         - @ConditionalOnBean (types: org.springframework.cache.interceptor.CacheAspectSupport; SearchStrategy: all) did not find any beans of type org.springframework.cache.interceptor.CacheAspectSupport (OnBeanCondition)
      Matched:
         - @ConditionalOnClass found required class 'org.springframework.cache.CacheManager' (OnClassCondition)

   CacheAutoConfiguration.CacheManagerEntityManagerFactoryDependsOnPostProcessor:
      Did not match:
         - Ancestor org.springframework.boot.autoconfigure.cache.CacheAutoConfiguration did not match (ConditionEvaluationReport.AncestorsMatchedCondition)
      Matched:
         - @ConditionalOnClass found required class 'org.springframework.orm.jpa.LocalContainerEntityManagerFactoryBean' (OnClassCondition)

   CaffeineCacheConfiguration:
      Did not match:
         - @ConditionalOnClass did not find required class 'com.github.benmanes.caffeine.cache.Caffeine' (OnClassCondition)

   CouchbaseCacheConfiguration:
      Did not match:
         - @ConditionalOnClass did not find required class 'com.couchbase.client.java.Cluster' (OnClassCondition)

   DataSourceAutoConfiguration.EmbeddedDatabaseConfiguration:
      Did not match:
         - EmbeddedDataSource spring.datasource.url is set (DataSourceAutoConfiguration.EmbeddedDatabaseCondition)

   DataSourceCheckpointRestoreConfiguration:
      Did not match:
         - @ConditionalOnClass did not find required class 'org.crac.Resource' (OnClassCondition)

   DataSourceConfiguration.Dbcp2:
      Did not match:
         - @ConditionalOnClass did not find required class 'org.apache.commons.dbcp2.BasicDataSource' (OnClassCondition)

   DataSourceConfiguration.Generic:
      Did not match:
         - @ConditionalOnProperty (spring.datasource.type) did not find property 'spring.datasource.type' (OnPropertyCondition)

   DataSourceConfiguration.OracleUcp:
      Did not match:
         - @ConditionalOnClass did not find required classes 'oracle.ucp.jdbc.PoolDataSourceImpl', 'oracle.jdbc.OracleConnection' (OnClassCondition)

   DataSourceConfiguration.Tomcat:
      Did not match:
         - @ConditionalOnClass did not find required class 'org.apache.tomcat.jdbc.pool.DataSource' (OnClassCondition)

   DataSourceJmxConfiguration:
      Did not match:
         - @ConditionalOnBooleanProperty (spring.jmx.enabled=true) found different value in property 'spring.jmx.enabled' (OnPropertyCondition)

   DataSourcePoolMetadataProvidersConfiguration.CommonsDbcp2PoolDataSourceMetadataProviderConfiguration:
      Did not match:
         - @ConditionalOnClass did not find required class 'org.apache.commons.dbcp2.BasicDataSource' (OnClassCondition)

   DataSourcePoolMetadataProvidersConfiguration.OracleUcpPoolDataSourceMetadataProviderConfiguration:
      Did not match:
         - @ConditionalOnClass did not find required classes 'oracle.ucp.jdbc.PoolDataSource', 'oracle.jdbc.OracleConnection' (OnClassCondition)

   DataSourcePoolMetadataProvidersConfiguration.TomcatDataSourcePoolMetadataProviderConfiguration:
      Did not match:
         - @ConditionalOnClass did not find required class 'org.apache.tomcat.jdbc.pool.DataSource' (OnClassCondition)

   DataSourceTransactionManagerAutoConfiguration.JdbcTransactionManagerConfiguration#transactionManager:
      Did not match:
         - @ConditionalOnMissingBean (types: org.springframework.transaction.TransactionManager; SearchStrategy: all) found beans of type 'org.springframework.transaction.TransactionManager' transactionManager (OnBeanCondition)

   FlywayAutoConfiguration:
      Did not match:
         - @ConditionalOnClass did not find required class 'org.flywaydb.core.Flyway' (OnClassCondition)

   GenericCacheConfiguration:
      Did not match:
         - Cache org.springframework.boot.autoconfigure.cache.GenericCacheConfiguration unknown cache type (CacheCondition)

   HazelcastCacheConfiguration:
      Did not match:
         - @ConditionalOnClass did not find required class 'com.hazelcast.core.HazelcastInstance' (OnClassCondition)

   InfinispanCacheConfiguration:
      Did not match:
         - @ConditionalOnClass did not find required class 'org.infinispan.spring.embedded.provider.SpringEmbeddedCacheManager' (OnClassCondition)

   JCacheCacheConfiguration:
      Did not match:
         - @ConditionalOnClass did not find required class 'javax.cache.Caching' (OnClassCondition)

   JpaBaseConfiguration.JpaWebConfiguration:
      Did not match:
         - not a servlet web application (OnWebApplicationCondition)
      Matched:
         - @ConditionalOnClass found required class 'org.springframework.web.servlet.config.annotation.WebMvcConfigurer' (OnClassCondition)

   JpaRepositoriesAutoConfiguration#entityManagerFactoryBootstrapExecutorCustomizer:
      Did not match:
         - AnyNestedCondition 0 matched 2 did not; NestedCondition on JpaRepositoriesAutoConfiguration.BootstrapExecutorCondition.LazyBootstrapMode @ConditionalOnProperty (spring.data.jpa.repositories.bootstrap-mode=lazy) found different value in property 'spring.data.jpa.repositories.bootstrap-mode'; NestedCondition on JpaRepositoriesAutoConfiguration.BootstrapExecutorCondition.DeferredBootstrapMode @ConditionalOnProperty (spring.data.jpa.repositories.bootstrap-mode=deferred) found different value in property 'spring.data.jpa.repositories.bootstrap-mode' (JpaRepositoriesAutoConfiguration.BootstrapExecutorCondition)

   LiquibaseAutoConfiguration:
      Did not match:
         - @ConditionalOnClass did not find required class 'liquibase.change.DatabaseChange' (OnClassCondition)

   R2dbcInitializationConfiguration:
      Did not match:
         - @ConditionalOnClass did not find required classes 'io.r2dbc.spi.ConnectionFactory', 'org.springframework.r2dbc.connection.init.DatabasePopulator' (OnClassCondition)

   RedisCacheConfiguration:
      Did not match:
         - @ConditionalOnClass did not find required class 'org.springframework.data.redis.connection.RedisConnectionFactory' (OnClassCondition)

   SimpleCacheConfiguration:
      Did not match:
         - Cache org.springframework.boot.autoconfigure.cache.SimpleCacheConfiguration unknown cache type (CacheCondition)

   TestDatabaseAutoConfiguration#dataSource:
      Did not match:
         - @ConditionalOnProperty (spring.test.database.replace=AUTO_CONFIGURED) did not find property 'spring.test.database.replace' (OnPropertyCondition)

   TestDatabaseAutoConfiguration#embeddedDataSourceBeanFactoryPostProcessor:
      Did not match:
         - @ConditionalOnProperty (spring.test.database.replace=ANY) did not find property 'spring.test.database.replace' (OnPropertyCondition)

   TransactionAutoConfiguration#transactionalOperator:
      Did not match:
         - @ConditionalOnSingleCandidate (types: org.springframework.transaction.ReactiveTransactionManager; SearchStrategy: all) did not find any beans (OnBeanCondition)

   TransactionAutoConfiguration.AspectJTransactionManagementConfiguration:
      Did not match:
         - @ConditionalOnBean (types: org.springframework.transaction.aspectj.AbstractTransactionAspect; SearchStrategy: all) did not find any beans of type org.springframework.transaction.aspectj.AbstractTransactionAspect (OnBeanCondition)

   TransactionAutoConfiguration.EnableTransactionManagementConfiguration.JdkDynamicAutoProxyConfiguration:
      Did not match:
         - @ConditionalOnBooleanProperty (spring.aop.proxy-target-class=false) did not find property 'spring.aop.proxy-target-class' (OnPropertyCondition)


Exclusions:
-----------

    None


Unconditional classes:
----------------------

    org.springframework.boot.test.autoconfigure.jdbc.TestDatabaseAutoConfiguration



2026-05-19T13:42:56.328+09:00  INFO 11112 --- [AromaTripNippon Phase1] [           main] c.a.service.ReservationServiceTest       : Started ReservationServiceTest in 0.748 seconds (process running for 18.65)
2026-05-19T13:42:56.342+09:00 DEBUG 11112 --- [AromaTripNippon Phase1] [           main] org.hibernate.SQL                        : insert into experience_programs (is_active,created_at,deleted_at,description,duration_minutes,material_summary,name,price,updated_at,id) values (?,?,?,?,?,?,?,?,?,default)
Hibernate: insert into experience_programs (is_active,created_at,deleted_at,description,duration_minutes,material_summary,name,price,updated_at,id) values (?,?,?,?,?,?,?,?,?,default)
2026-05-19T13:42:56.346+09:00 DEBUG 11112 --- [AromaTripNippon Phase1] [           main] org.hibernate.SQL                        : insert into customers (created_at,deleted_at,email,name,nationality,note,phone,preferred_language,purpose,updated_at,id) values (?,?,?,?,?,?,?,?,?,?,default)
Hibernate: insert into customers (created_at,deleted_at,email,name,nationality,note,phone,preferred_language,purpose,updated_at,id) values (?,?,?,?,?,?,?,?,?,?,default)
2026-05-19T13:42:56.350+09:00 DEBUG 11112 --- [AromaTripNippon Phase1] [           main] org.hibernate.SQL                        : select ep1_0.id,ep1_0.is_active,ep1_0.created_at,ep1_0.deleted_at,ep1_0.description,ep1_0.duration_minutes,ep1_0.material_summary,ep1_0.name,ep1_0.price,ep1_0.updated_at from experience_programs ep1_0 where ep1_0.deleted_at is null and ep1_0.is_active order by ep1_0.id fetch first ? rows only
Hibernate: select ep1_0.id,ep1_0.is_active,ep1_0.created_at,ep1_0.deleted_at,ep1_0.description,ep1_0.duration_minutes,ep1_0.material_summary,ep1_0.name,ep1_0.price,ep1_0.updated_at from experience_programs ep1_0 where ep1_0.deleted_at is null and ep1_0.is_active order by ep1_0.id fetch first ? rows only
2026-05-19T13:42:56.353+09:00 DEBUG 11112 --- [AromaTripNippon Phase1] [           main] org.hibernate.SQL                        : insert into reservations (created_at,customer_id,deleted_at,experience_program_id,number_of_people,preferred_language,request_note,status,reservation_time,updated_at,reservation_date,id) values (?,?,?,?,?,?,?,?,?,?,?,default)
Hibernate: insert into reservations (created_at,customer_id,deleted_at,experience_program_id,number_of_people,preferred_language,request_note,status,reservation_time,updated_at,reservation_date,id) values (?,?,?,?,?,?,?,?,?,?,?,default)
2026-05-19T13:42:56.358+09:00 DEBUG 11112 --- [AromaTripNippon Phase1] [           main] org.hibernate.SQL                        : select r1_0.id,r1_0.created_at,r1_0.customer_id,c1_0.id,c1_0.created_at,c1_0.deleted_at,c1_0.email,c1_0.name,c1_0.nationality,c1_0.note,c1_0.phone,c1_0.preferred_language,c1_0.purpose,c1_0.updated_at,r1_0.deleted_at,r1_0.experience_program_id,ep1_0.id,ep1_0.is_active,ep1_0.created_at,ep1_0.deleted_at,ep1_0.description,ep1_0.duration_minutes,ep1_0.material_summary,ep1_0.name,ep1_0.price,ep1_0.updated_at,r1_0.number_of_people,r1_0.preferred_language,r1_0.request_note,r1_0.status,r1_0.reservation_time,r1_0.updated_at,r1_0.reservation_date from reservations r1_0 join customers c1_0 on c1_0.id=r1_0.customer_id join experience_programs ep1_0 on ep1_0.id=r1_0.experience_program_id where r1_0.deleted_at is null order by r1_0.reservation_date desc,r1_0.reservation_time
Hibernate: select r1_0.id,r1_0.created_at,r1_0.customer_id,c1_0.id,c1_0.created_at,c1_0.deleted_at,c1_0.email,c1_0.name,c1_0.nationality,c1_0.note,c1_0.phone,c1_0.preferred_language,c1_0.purpose,c1_0.updated_at,r1_0.deleted_at,r1_0.experience_program_id,ep1_0.id,ep1_0.is_active,ep1_0.created_at,ep1_0.deleted_at,ep1_0.description,ep1_0.duration_minutes,ep1_0.material_summary,ep1_0.name,ep1_0.price,ep1_0.updated_at,r1_0.number_of_people,r1_0.preferred_language,r1_0.request_note,r1_0.status,r1_0.reservation_time,r1_0.updated_at,r1_0.reservation_date from reservations r1_0 join customers c1_0 on c1_0.id=r1_0.customer_id join experience_programs ep1_0 on ep1_0.id=r1_0.experience_program_id where r1_0.deleted_at is null order by r1_0.reservation_date desc,r1_0.reservation_time
2026-05-19T13:42:56.362+09:00 DEBUG 11112 --- [AromaTripNippon Phase1] [           main] org.hibernate.SQL                        : select c1_0.id,c1_0.created_at,c1_0.deleted_at,c1_0.email,c1_0.name,c1_0.nationality,c1_0.note,c1_0.phone,c1_0.preferred_language,c1_0.purpose,c1_0.updated_at from customers c1_0 where c1_0.deleted_at is null order by c1_0.id desc
Hibernate: select c1_0.id,c1_0.created_at,c1_0.deleted_at,c1_0.email,c1_0.name,c1_0.nationality,c1_0.note,c1_0.phone,c1_0.preferred_language,c1_0.purpose,c1_0.updated_at from customers c1_0 where c1_0.deleted_at is null order by c1_0.id desc
]]></system-out>
  </testcase>
</testsuite>